<?xml version="1.0" encoding="UTF-8"?>
<testsuites>
  <testsuite name="" tests="482" assertions="4571" errors="0" warnings="0" failures="4" skipped="27" time="2.147458">
    <testsuite name="Unit" tests="482" assertions="4571" errors="0" warnings="0" failures="4" skipped="27" time="2.147458">
      <testsuite name="Tests\Unit\AdmissionCrmTest" file="/Users/yuggi/Desktop/Zennxii_adminPanel/tests/Unit/AdmissionCrmTest.php" tests="30" assertions="66" errors="0" warnings="0" failures="0" skipped="0" time="0.006695">
        <testcase name="save_inquiry_creates_new_inquiry" class="Tests\Unit\AdmissionCrmTest" classname="Tests.Unit.AdmissionCrmTest" file="/Users/yuggi/Desktop/Zennxii_adminPanel/tests/Unit/AdmissionCrmTest.php" line="40" assertions="4" time="0.004212"/>
        <testcase name="save_inquiry_rejects_missing_fields" class="Tests\Unit\AdmissionCrmTest" classname="Tests.Unit.AdmissionCrmTest" file="/Users/yuggi/Desktop/Zennxii_adminPanel/tests/Unit/AdmissionCrmTest.php" line="61" assertions="1" time="0.000045"/>
        <testcase name="save_inquiry_rejects_invalid_phone" class="Tests\Unit\AdmissionCrmTest" classname="Tests.Unit.AdmissionCrmTest" file="/Users/yuggi/Desktop/Zennxii_adminPanel/tests/Unit/AdmissionCrmTest.php" line="72" assertions="2" time="0.000176"/>
        <testcase name="save_inquiry_rejects_invalid_email" class="Tests\Unit\AdmissionCrmTest" classname="Tests.Unit.AdmissionCrmTest" file="/Users/yuggi/Desktop/Zennxii_adminPanel/tests/Unit/AdmissionCrmTest.php" line="85" assertions="2" time="0.000034"/>
        <testcase name="delete_inquiry_removes_from_firebase" class="Tests\Unit\AdmissionCrmTest" classname="Tests.Unit.AdmissionCrmTest" file="/Users/yuggi/Desktop/Zennxii_adminPanel/tests/Unit/AdmissionCrmTest.php" line="98" assertions="1" time="0.000185"/>
        <testcase name="save_application_creates_new_application" class="Tests\Unit\AdmissionCrmTest" classname="Tests.Unit.AdmissionCrmTest" file="/Users/yuggi/Desktop/Zennxii_adminPanel/tests/Unit/AdmissionCrmTest.php" line="116" assertions="4" time="0.000038"/>
        <testcase name="save_application_rejects_invalid_phone" class="Tests\Unit\AdmissionCrmTest" classname="Tests.Unit.AdmissionCrmTest" file="/Users/yuggi/Desktop/Zennxii_adminPanel/tests/Unit/AdmissionCrmTest.php" line="131" assertions="1" time="0.000028"/>
        <testcase name="save_application_rejects_invalid_email" class="Tests\Unit\AdmissionCrmTest" classname="Tests.Unit.AdmissionCrmTest" file="/Users/yuggi/Desktop/Zennxii_adminPanel/tests/Unit/AdmissionCrmTest.php" line="140" assertions="1" time="0.000029"/>
        <testcase name="convert_inquiry_to_application" class="Tests\Unit\AdmissionCrmTest" classname="Tests.Unit.AdmissionCrmTest" file="/Users/yuggi/Desktop/Zennxii_adminPanel/tests/Unit/AdmissionCrmTest.php" line="150" assertions="5" time="0.000043"/>
        <testcase name="update_stage_rejects_invalid_stage" class="Tests\Unit\AdmissionCrmTest" classname="Tests.Unit.AdmissionCrmTest" file="/Users/yuggi/Desktop/Zennxii_adminPanel/tests/Unit/AdmissionCrmTest.php" line="178" assertions="2" time="0.000035"/>
        <testcase name="update_stage_accepts_valid_stage" class="Tests\Unit\AdmissionCrmTest" classname="Tests.Unit.AdmissionCrmTest" file="/Users/yuggi/Desktop/Zennxii_adminPanel/tests/Unit/AdmissionCrmTest.php" line="191" assertions="2" time="0.000037"/>
        <testcase name="approve_rejects_already_enrolled" class="Tests\Unit\AdmissionCrmTest" classname="Tests.Unit.AdmissionCrmTest" file="/Users/yuggi/Desktop/Zennxii_adminPanel/tests/Unit/AdmissionCrmTest.php" line="210" assertions="2" time="0.000051"/>
        <testcase name="approve_rejects_already_approved" class="Tests\Unit\AdmissionCrmTest" classname="Tests.Unit.AdmissionCrmTest" file="/Users/yuggi/Desktop/Zennxii_adminPanel/tests/Unit/AdmissionCrmTest.php" line="224" assertions="2" time="0.000035"/>
        <testcase name="reject_rejects_already_enrolled" class="Tests\Unit\AdmissionCrmTest" classname="Tests.Unit.AdmissionCrmTest" file="/Users/yuggi/Desktop/Zennxii_adminPanel/tests/Unit/AdmissionCrmTest.php" line="234" assertions="1" time="0.000049"/>
        <testcase name="reject_rejects_already_rejected" class="Tests\Unit\AdmissionCrmTest" classname="Tests.Unit.AdmissionCrmTest" file="/Users/yuggi/Desktop/Zennxii_adminPanel/tests/Unit/AdmissionCrmTest.php" line="244" assertions="1" time="0.000035"/>
        <testcase name="enroll_generates_correct_student_id_format" class="Tests\Unit\AdmissionCrmTest" classname="Tests.Unit.AdmissionCrmTest" file="/Users/yuggi/Desktop/Zennxii_adminPanel/tests/Unit/AdmissionCrmTest.php" line="261" assertions="2" time="0.000047"/>
        <testcase name="enroll_student_id_format_at_count_10" class="Tests\Unit\AdmissionCrmTest" classname="Tests.Unit.AdmissionCrmTest" file="/Users/yuggi/Desktop/Zennxii_adminPanel/tests/Unit/AdmissionCrmTest.php" line="275" assertions="1" time="0.000045"/>
        <testcase name="enroll_student_id_format_at_count_100" class="Tests\Unit\AdmissionCrmTest" classname="Tests.Unit.AdmissionCrmTest" file="/Users/yuggi/Desktop/Zennxii_adminPanel/tests/Unit/AdmissionCrmTest.php" line="287" assertions="1" time="0.000043"/>
        <testcase name="enroll_writes_student_profile" class="Tests\Unit\AdmissionCrmTest" classname="Tests.Unit.AdmissionCrmTest" file="/Users/yuggi/Desktop/Zennxii_adminPanel/tests/Unit/AdmissionCrmTest.php" line="303" assertions="9" time="0.001041"/>
        <testcase name="enroll_writes_class_roster" class="Tests\Unit\AdmissionCrmTest" classname="Tests.Unit.AdmissionCrmTest" file="/Users/yuggi/Desktop/Zennxii_adminPanel/tests/Unit/AdmissionCrmTest.php" line="328" assertions="1" time="0.000069"/>
        <testcase name="enroll_updates_count" class="Tests\Unit\AdmissionCrmTest" classname="Tests.Unit.AdmissionCrmTest" file="/Users/yuggi/Desktop/Zennxii_adminPanel/tests/Unit/AdmissionCrmTest.php" line="343" assertions="1" time="0.000053"/>
        <testcase name="enroll_updates_phone_mappings" class="Tests\Unit\AdmissionCrmTest" classname="Tests.Unit.AdmissionCrmTest" file="/Users/yuggi/Desktop/Zennxii_adminPanel/tests/Unit/AdmissionCrmTest.php" line="355" assertions="2" time="0.000053"/>
        <testcase name="enroll_rejects_non_approved_application" class="Tests\Unit\AdmissionCrmTest" classname="Tests.Unit.AdmissionCrmTest" file="/Users/yuggi/Desktop/Zennxii_adminPanel/tests/Unit/AdmissionCrmTest.php" line="368" assertions="1" time="0.000036"/>
        <testcase name="enroll_marks_application_as_enrolled" class="Tests\Unit\AdmissionCrmTest" classname="Tests.Unit.AdmissionCrmTest" file="/Users/yuggi/Desktop/Zennxii_adminPanel/tests/Unit/AdmissionCrmTest.php" line="378" assertions="3" time="0.000048"/>
        <testcase name="submit_online_form_detects_duplicate_phone" class="Tests\Unit\AdmissionCrmTest" classname="Tests.Unit.AdmissionCrmTest" file="/Users/yuggi/Desktop/Zennxii_adminPanel/tests/Unit/AdmissionCrmTest.php" line="395" assertions="3" time="0.000041"/>
        <testcase name="submit_online_form_validates_phone" class="Tests\Unit\AdmissionCrmTest" classname="Tests.Unit.AdmissionCrmTest" file="/Users/yuggi/Desktop/Zennxii_adminPanel/tests/Unit/AdmissionCrmTest.php" line="411" assertions="1" time="0.000028"/>
        <testcase name="submit_online_form_creates_inquiry_and_application" class="Tests\Unit\AdmissionCrmTest" classname="Tests.Unit.AdmissionCrmTest" file="/Users/yuggi/Desktop/Zennxii_adminPanel/tests/Unit/AdmissionCrmTest.php" line="420" assertions="3" time="0.000037"/>
        <testcase name="add_to_waitlist_and_promote" class="Tests\Unit\AdmissionCrmTest" classname="Tests.Unit.AdmissionCrmTest" file="/Users/yuggi/Desktop/Zennxii_adminPanel/tests/Unit/AdmissionCrmTest.php" line="442" assertions="5" time="0.000047"/>
        <testcase name="remove_from_waitlist_restores_pending" class="Tests\Unit\AdmissionCrmTest" classname="Tests.Unit.AdmissionCrmTest" file="/Users/yuggi/Desktop/Zennxii_adminPanel/tests/Unit/AdmissionCrmTest.php" line="473" assertions="1" time="0.000041"/>
        <testcase name="counter_increments_correctly_across_operations" class="Tests\Unit\AdmissionCrmTest" classname="Tests.Unit.AdmissionCrmTest" file="/Users/yuggi/Desktop/Zennxii_adminPanel/tests/Unit/AdmissionCrmTest.php" line="493" assertions="1" time="0.000035"/>
      </testsuite>
      <testsuite name="Tests\Unit\BackupTest" file="/Users/yuggi/Desktop/Zennxii_adminPanel/tests/Unit/BackupTest.php" tests="18" assertions="37" errors="0" warnings="0" failures="1" skipped="0" time="0.014460">
        <testcase name="create_backup_generates_json_file_on_disk" class="Tests\Unit\BackupTest" classname="Tests.Unit.BackupTest" file="/Users/yuggi/Desktop/Zennxii_adminPanel/tests/Unit/BackupTest.php" line="42" assertions="2" time="0.002787"/>
        <testcase name="backup_file_is_valid_json_with_correct_structure" class="Tests\Unit\BackupTest" classname="Tests.Unit.BackupTest" file="/Users/yuggi/Desktop/Zennxii_adminPanel/tests/Unit/BackupTest.php" line="55" assertions="6" time="0.001054"/>
        <testcase name="backup_id_format_matches_expected_pattern" class="Tests\Unit\BackupTest" classname="Tests.Unit.BackupTest" file="/Users/yuggi/Desktop/Zennxii_adminPanel/tests/Unit/BackupTest.php" line="75" assertions="1" time="0.000935"/>
        <testcase name="backup_metadata_written_to_firebase" class="Tests\Unit\BackupTest" classname="Tests.Unit.BackupTest" file="/Users/yuggi/Desktop/Zennxii_adminPanel/tests/Unit/BackupTest.php" line="90" assertions="7" time="0.000896"/>
        <testcase name="backup_fails_gracefully_when_school_has_no_firebase_data" class="Tests\Unit\BackupTest" classname="Tests.Unit.BackupTest" file="/Users/yuggi/Desktop/Zennxii_adminPanel/tests/Unit/BackupTest.php" line="109" assertions="1" time="0.000836"/>
        <testcase name="size_human_formats_bytes_correctly" class="Tests\Unit\BackupTest" classname="Tests.Unit.BackupTest" file="/Users/yuggi/Desktop/Zennxii_adminPanel/tests/Unit/BackupTest.php" line="119" assertions="1" time="0.000727">
          <failure type="PHPUnit\Framework\ExpectationFailedException">Tests\Unit\BackupTest::size_human_formats_bytes_correctly
Failed asserting that two strings are identical.
--- Expected
+++ Actual
@@ @@
-'1.0 KB'
+'1 KB'

/Users/yuggi/Desktop/Zennxii_adminPanel/tests/Unit/BackupTest.php:122</failure>
        </testcase>
        <testcase name="restore_requires_RESTORE_confirmation_token" class="Tests\Unit\BackupTest" classname="Tests.Unit.BackupTest" file="/Users/yuggi/Desktop/Zennxii_adminPanel/tests/Unit/BackupTest.php" line="133" assertions="2" time="0.000486"/>
        <testcase name="restore_creates_safety_backup_before_overwriting" class="Tests\Unit\BackupTest" classname="Tests.Unit.BackupTest" file="/Users/yuggi/Desktop/Zennxii_adminPanel/tests/Unit/BackupTest.php" line="143" assertions="1" time="0.000937"/>
        <testcase name="restore_overwrites_school_data_in_firebase" class="Tests\Unit\BackupTest" classname="Tests.Unit.BackupTest" file="/Users/yuggi/Desktop/Zennxii_adminPanel/tests/Unit/BackupTest.php" line="185" assertions="1" time="0.000750"/>
        <testcase name="upload_restore_accepts_valid_backup_json" class="Tests\Unit\BackupTest" classname="Tests.Unit.BackupTest" file="/Users/yuggi/Desktop/Zennxii_adminPanel/tests/Unit/BackupTest.php" line="216" assertions="3" time="0.000448"/>
        <testcase name="upload_restore_rejects_file_missing_Schools_key" class="Tests\Unit\BackupTest" classname="Tests.Unit.BackupTest" file="/Users/yuggi/Desktop/Zennxii_adminPanel/tests/Unit/BackupTest.php" line="238" assertions="2" time="0.000453"/>
        <testcase name="upload_restore_rejects_malformed_json" class="Tests\Unit\BackupTest" classname="Tests.Unit.BackupTest" file="/Users/yuggi/Desktop/Zennxii_adminPanel/tests/Unit/BackupTest.php" line="252" assertions="1" time="0.000375"/>
        <testcase name="retention_deletes_oldest_backups_keeping_specified_count" class="Tests\Unit\BackupTest" classname="Tests.Unit.BackupTest" file="/Users/yuggi/Desktop/Zennxii_adminPanel/tests/Unit/BackupTest.php" line="268" assertions="1" time="0.001194"/>
        <testcase name="retention_preserves_SAFETY_backups" class="Tests\Unit\BackupTest" classname="Tests.Unit.BackupTest" file="/Users/yuggi/Desktop/Zennxii_adminPanel/tests/Unit/BackupTest.php" line="299" assertions="1" time="0.001136"/>
        <testcase name="cron_validates_correct_key_using_hash_equals" class="Tests\Unit\BackupTest" classname="Tests.Unit.BackupTest" file="/Users/yuggi/Desktop/Zennxii_adminPanel/tests/Unit/BackupTest.php" line="335" assertions="1" time="0.000334"/>
        <testcase name="cron_rejects_wrong_key" class="Tests\Unit\BackupTest" classname="Tests.Unit.BackupTest" file="/Users/yuggi/Desktop/Zennxii_adminPanel/tests/Unit/BackupTest.php" line="350" assertions="2" time="0.000562"/>
        <testcase name="cron_skips_when_schedule_disabled" class="Tests\Unit\BackupTest" classname="Tests.Unit.BackupTest" file="/Users/yuggi/Desktop/Zennxii_adminPanel/tests/Unit/BackupTest.php" line="363" assertions="2" time="0.000297"/>
        <testcase name="cron_prevents_double_run_within_same_hour" class="Tests\Unit\BackupTest" classname="Tests.Unit.BackupTest" file="/Users/yuggi/Desktop/Zennxii_adminPanel/tests/Unit/BackupTest.php" line="376" assertions="2" time="0.000254"/>
      </testsuite>
      <testsuite name="Tests\Unit\DashboardStatsTest" file="/Users/yuggi/Desktop/Zennxii_adminPanel/tests/Unit/DashboardStatsTest.php" tests="14" assertions="28" errors="0" warnings="0" failures="0" skipped="0" time="0.000652">
        <testcase name="total_schools_count_matches_firebase_entries" class="Tests\Unit\DashboardStatsTest" classname="Tests.Unit.DashboardStatsTest" file="/Users/yuggi/Desktop/Zennxii_adminPanel/tests/Unit/DashboardStatsTest.php" line="33" assertions="1" time="0.000057"/>
        <testcase name="active_schools_count_excludes_inactive_and_suspended" class="Tests\Unit\DashboardStatsTest" classname="Tests.Unit.DashboardStatsTest" file="/Users/yuggi/Desktop/Zennxii_adminPanel/tests/Unit/DashboardStatsTest.php" line="45" assertions="1" time="0.000047"/>
        <testcase name="zero_schools_returns_all_zeros_without_error" class="Tests\Unit\DashboardStatsTest" classname="Tests.Unit.DashboardStatsTest" file="/Users/yuggi/Desktop/Zennxii_adminPanel/tests/Unit/DashboardStatsTest.php" line="58" assertions="5" time="0.000031"/>
        <testcase name="all_suspended_schools_yields_zero_active" class="Tests\Unit\DashboardStatsTest" classname="Tests.Unit.DashboardStatsTest" file="/Users/yuggi/Desktop/Zennxii_adminPanel/tests/Unit/DashboardStatsTest.php" line="70" assertions="2" time="0.000038"/>
        <testcase name="revenue_sums_only_paid_payments" class="Tests\Unit\DashboardStatsTest" classname="Tests.Unit.DashboardStatsTest" file="/Users/yuggi/Desktop/Zennxii_adminPanel/tests/Unit/DashboardStatsTest.php" line="86" assertions="1" time="0.000032"/>
        <testcase name="revenue_is_zero_when_no_payments_exist" class="Tests\Unit\DashboardStatsTest" classname="Tests.Unit.DashboardStatsTest" file="/Users/yuggi/Desktop/Zennxii_adminPanel/tests/Unit/DashboardStatsTest.php" line="99" assertions="1" time="0.000028"/>
        <testcase name="revenue_handles_large_amounts_correctly" class="Tests\Unit\DashboardStatsTest" classname="Tests.Unit.DashboardStatsTest" file="/Users/yuggi/Desktop/Zennxii_adminPanel/tests/Unit/DashboardStatsTest.php" line="106" assertions="1" time="0.000029"/>
        <testcase name="recent_registrations_counts_schools_created_in_last_30_days" class="Tests\Unit\DashboardStatsTest" classname="Tests.Unit.DashboardStatsTest" file="/Users/yuggi/Desktop/Zennxii_adminPanel/tests/Unit/DashboardStatsTest.php" line="120" assertions="1" time="0.000031"/>
        <testcase name="recent_regs_is_zero_when_all_schools_are_older_than_30_days" class="Tests\Unit\DashboardStatsTest" classname="Tests.Unit.DashboardStatsTest" file="/Users/yuggi/Desktop/Zennxii_adminPanel/tests/Unit/DashboardStatsTest.php" line="138" assertions="1" time="0.000029"/>
        <testcase name="refresh_stats_writes_summary_cache_to_firebase" class="Tests\Unit\DashboardStatsTest" classname="Tests.Unit.DashboardStatsTest" file="/Users/yuggi/Desktop/Zennxii_adminPanel/tests/Unit/DashboardStatsTest.php" line="154" assertions="6" time="0.000038"/>
        <testcase name="refresh_stats_updated_at_is_recent_timestamp" class="Tests\Unit\DashboardStatsTest" classname="Tests.Unit.DashboardStatsTest" file="/Users/yuggi/Desktop/Zennxii_adminPanel/tests/Unit/DashboardStatsTest.php" line="170" assertions="1" time="0.000189"/>
        <testcase name="status_distribution_chart_data_counts_each_status" class="Tests\Unit\DashboardStatsTest" classname="Tests.Unit.DashboardStatsTest" file="/Users/yuggi/Desktop/Zennxii_adminPanel/tests/Unit/DashboardStatsTest.php" line="185" assertions="3" time="0.000040"/>
        <testcase name="plan_distribution_aggregates_by_plan_name" class="Tests\Unit\DashboardStatsTest" classname="Tests.Unit.DashboardStatsTest" file="/Users/yuggi/Desktop/Zennxii_adminPanel/tests/Unit/DashboardStatsTest.php" line="200" assertions="2" time="0.000036"/>
        <testcase name="plan_distribution_handles_school_with_no_subscription" class="Tests\Unit\DashboardStatsTest" classname="Tests.Unit.DashboardStatsTest" file="/Users/yuggi/Desktop/Zennxii_adminPanel/tests/Unit/DashboardStatsTest.php" line="213" assertions="2" time="0.000027"/>
      </testsuite>
      <testsuite name="Tests\Unit\DocBlockServiceTest" file="/Users/yuggi/Desktop/Zennxii_adminPanel/tests/Unit/DocBlockServiceTest.php" tests="13" assertions="24" errors="0" warnings="0" failures="0" skipped="0" time="0.001066">
        <testcase name="test_a_block_saves_and_lists_for_its_school" class="Tests\Unit\DocBlockServiceTest" classname="Tests.Unit.DocBlockServiceTest" file="/Users/yuggi/Desktop/Zennxii_adminPanel/tests/Unit/DocBlockServiceTest.php" line="102" assertions="3" time="0.000041"/>
        <testcase name="test_a_block_without_a_school_or_type_is_refused" class="Tests\Unit\DocBlockServiceTest" classname="Tests.Unit.DocBlockServiceTest" file="/Users/yuggi/Desktop/Zennxii_adminPanel/tests/Unit/DocBlockServiceTest.php" line="116" assertions="1" time="0.000033"/>
        <testcase name="test_a_new_block_starts_at_v1_and_an_edit_bumps_the_version" class="Tests\Unit\DocBlockServiceTest" classname="Tests.Unit.DocBlockServiceTest" file="/Users/yuggi/Desktop/Zennxii_adminPanel/tests/Unit/DocBlockServiceTest.php" line="122" assertions="2" time="0.000031"/>
        <testcase name="test_bumping_a_block_version_mutates_no_template" class="Tests\Unit\DocBlockServiceTest" classname="Tests.Unit.DocBlockServiceTest" file="/Users/yuggi/Desktop/Zennxii_adminPanel/tests/Unit/DocBlockServiceTest.php" line="141" assertions="1" time="0.000029"/>
        <testcase name="test_offers_lists_only_templates_that_are_behind" class="Tests\Unit\DocBlockServiceTest" classname="Tests.Unit.DocBlockServiceTest" file="/Users/yuggi/Desktop/Zennxii_adminPanel/tests/Unit/DocBlockServiceTest.php" line="154" assertions="2" time="0.000342"/>
        <testcase name="test_an_offer_states_the_pinned_and_available_versions" class="Tests\Unit\DocBlockServiceTest" classname="Tests.Unit.DocBlockServiceTest" file="/Users/yuggi/Desktop/Zennxii_adminPanel/tests/Unit/DocBlockServiceTest.php" line="168" assertions="3" time="0.000031"/>
        <testcase name="test_accepting_an_offer_moves_only_that_templates_pin" class="Tests\Unit\DocBlockServiceTest" classname="Tests.Unit.DocBlockServiceTest" file="/Users/yuggi/Desktop/Zennxii_adminPanel/tests/Unit/DocBlockServiceTest.php" line="179" assertions="2" time="0.000031"/>
        <testcase name="test_accepting_into_a_published_template_is_refused" class="Tests\Unit\DocBlockServiceTest" classname="Tests.Unit.DocBlockServiceTest" file="/Users/yuggi/Desktop/Zennxii_adminPanel/tests/Unit/DocBlockServiceTest.php" line="194" assertions="2" time="0.000327"/>
        <testcase name="test_accepting_when_nothing_is_pending_is_refused" class="Tests\Unit\DocBlockServiceTest" classname="Tests.Unit.DocBlockServiceTest" file="/Users/yuggi/Desktop/Zennxii_adminPanel/tests/Unit/DocBlockServiceTest.php" line="203" assertions="2" time="0.000049"/>
        <testcase name="test_declining_is_remembered_and_accepting_clears_it" class="Tests\Unit\DocBlockServiceTest" classname="Tests.Unit.DocBlockServiceTest" file="/Users/yuggi/Desktop/Zennxii_adminPanel/tests/Unit/DocBlockServiceTest.php" line="211" assertions="3" time="0.000049"/>
        <testcase name="test_bound_keys_reports_what_the_block_imposes_across_all_languages" class="Tests\Unit\DocBlockServiceTest" classname="Tests.Unit.DocBlockServiceTest" file="/Users/yuggi/Desktop/Zennxii_adminPanel/tests/Unit/DocBlockServiceTest.php" line="236" assertions="1" time="0.000036"/>
        <testcase name="test_bound_keys_on_an_unknown_block_is_empty_not_an_error" class="Tests\Unit\DocBlockServiceTest" classname="Tests.Unit.DocBlockServiceTest" file="/Users/yuggi/Desktop/Zennxii_adminPanel/tests/Unit/DocBlockServiceTest.php" line="244" assertions="1" time="0.000032"/>
        <testcase name="test_block_lifecycle_actions_are_audited" class="Tests\Unit\DocBlockServiceTest" classname="Tests.Unit.DocBlockServiceTest" file="/Users/yuggi/Desktop/Zennxii_adminPanel/tests/Unit/DocBlockServiceTest.php" line="249" assertions="1" time="0.000036"/>
      </testsuite>
      <testsuite name="Tests\Unit\DocComplianceTest" file="/Users/yuggi/Desktop/Zennxii_adminPanel/tests/Unit/DocComplianceTest.php" tests="11" assertions="28" errors="0" warnings="0" failures="0" skipped="0" time="0.000368">
        <testcase name="test_the_report_lists_only_templates_behind_the_current_version" class="Tests\Unit\DocComplianceTest" classname="Tests.Unit.DocComplianceTest" file="/Users/yuggi/Desktop/Zennxii_adminPanel/tests/Unit/DocComplianceTest.php" line="75" assertions="4" time="0.000044"/>
        <testcase name="test_an_excluded_layer_is_not_reported_as_affected" class="Tests\Unit\DocComplianceTest" classname="Tests.Unit.DocComplianceTest" file="/Users/yuggi/Desktop/Zennxii_adminPanel/tests/Unit/DocComplianceTest.php" line="91" assertions="1" time="0.000033"/>
        <testcase name="test_active_templates_are_listed_first" class="Tests\Unit\DocComplianceTest" classname="Tests.Unit.DocComplianceTest" file="/Users/yuggi/Desktop/Zennxii_adminPanel/tests/Unit/DocComplianceTest.php" line="101" assertions="3" time="0.000031"/>
        <testcase name="test_the_report_carries_the_numbers_needed_to_act" class="Tests\Unit\DocComplianceTest" classname="Tests.Unit.DocComplianceTest" file="/Users/yuggi/Desktop/Zennxii_adminPanel/tests/Unit/DocComplianceTest.php" line="109" assertions="7" time="0.000029"/>
        <testcase name="test_an_unknown_authority_throws_rather_than_reporting_zero" class="Tests\Unit\DocComplianceTest" classname="Tests.Unit.DocComplianceTest" file="/Users/yuggi/Desktop/Zennxii_adminPanel/tests/Unit/DocComplianceTest.php" line="125" assertions="2" time="0.000040"/>
        <testcase name="test_producing_the_report_mutates_nothing" class="Tests\Unit\DocComplianceTest" classname="Tests.Unit.DocComplianceTest" file="/Users/yuggi/Desktop/Zennxii_adminPanel/tests/Unit/DocComplianceTest.php" line="136" assertions="1" time="0.000028"/>
        <testcase name="test_the_class_exposes_no_method_that_can_change_a_template" class="Tests\Unit\DocComplianceTest" classname="Tests.Unit.DocComplianceTest" file="/Users/yuggi/Desktop/Zennxii_adminPanel/tests/Unit/DocComplianceTest.php" line="150" assertions="1" time="0.000044"/>
        <testcase name="test_an_authority_never_verified_is_stale" class="Tests\Unit\DocComplianceTest" classname="Tests.Unit.DocComplianceTest" file="/Users/yuggi/Desktop/Zennxii_adminPanel/tests/Unit/DocComplianceTest.php" line="166" assertions="2" time="0.000035"/>
        <testcase name="test_staleness_respects_the_per_authority_review_interval" class="Tests\Unit\DocComplianceTest" classname="Tests.Unit.DocComplianceTest" file="/Users/yuggi/Desktop/Zennxii_adminPanel/tests/Unit/DocComplianceTest.php" line="172" assertions="3" time="0.000029"/>
        <testcase name="test_evidence_is_the_best_across_applied_layers_never_an_average" class="Tests\Unit\DocComplianceTest" classname="Tests.Unit.DocComplianceTest" file="/Users/yuggi/Desktop/Zennxii_adminPanel/tests/Unit/DocComplianceTest.php" line="187" assertions="3" time="0.000029"/>
        <testcase name="test_an_excluded_layer_does_not_lend_its_evidence" class="Tests\Unit\DocComplianceTest" classname="Tests.Unit.DocComplianceTest" file="/Users/yuggi/Desktop/Zennxii_adminPanel/tests/Unit/DocComplianceTest.php" line="196" assertions="1" time="0.000028"/>
      </testsuite>
      <testsuite name="Tests\Unit\DocContractParityTest" file="/Users/yuggi/Desktop/Zennxii_adminPanel/tests/Unit/DocContractParityTest.php" tests="8" assertions="181" errors="0" warnings="0" failures="0" skipped="0" time="0.001539">
        <testcase name="test_merge_field_key_sets_are_identical" class="Tests\Unit\DocContractParityTest" classname="Tests.Unit.DocContractParityTest" file="/Users/yuggi/Desktop/Zennxii_adminPanel/tests/Unit/DocContractParityTest.php" line="127" assertions="4" time="0.000227"/>
        <testcase name="test_maxlen_agrees_between_client_and_server" class="Tests\Unit\DocContractParityTest" classname="Tests.Unit.DocContractParityTest" file="/Users/yuggi/Desktop/Zennxii_adminPanel/tests/Unit/DocContractParityTest.php" line="152" assertions="2" time="0.000079"/>
        <testcase name="test_document_type_sets_and_gating_match" class="Tests\Unit\DocContractParityTest" classname="Tests.Unit.DocContractParityTest" file="/Users/yuggi/Desktop/Zennxii_adminPanel/tests/Unit/DocContractParityTest.php" line="186" assertions="20" time="0.000080"/>
        <testcase name="test_per_type_contracts_are_identical" class="Tests\Unit\DocContractParityTest" classname="Tests.Unit.DocContractParityTest" file="/Users/yuggi/Desktop/Zennxii_adminPanel/tests/Unit/DocContractParityTest.php" line="212" assertions="10" time="0.000073"/>
        <testcase name="test_no_contract_declares_an_undefined_field" class="Tests\Unit\DocContractParityTest" classname="Tests.Unit.DocContractParityTest" file="/Users/yuggi/Desktop/Zennxii_adminPanel/tests/Unit/DocContractParityTest.php" line="241" assertions="79" time="0.000073"/>
        <testcase name="test_every_enabled_type_has_a_contract" class="Tests\Unit\DocContractParityTest" classname="Tests.Unit.DocContractParityTest" file="/Users/yuggi/Desktop/Zennxii_adminPanel/tests/Unit/DocContractParityTest.php" line="256" assertions="6" time="0.000028"/>
        <testcase name="test_maxlen_accommodates_the_p95_sample" class="Tests\Unit\DocContractParityTest" classname="Tests.Unit.DocContractParityTest" file="/Users/yuggi/Desktop/Zennxii_adminPanel/tests/Unit/DocContractParityTest.php" line="276" assertions="57" time="0.000941"/>
        <testcase name="test_image_and_flag_fields_declare_no_maxlen" class="Tests\Unit\DocContractParityTest" classname="Tests.Unit.DocContractParityTest" file="/Users/yuggi/Desktop/Zennxii_adminPanel/tests/Unit/DocContractParityTest.php" line="298" assertions="3" time="0.000038"/>
      </testsuite>
      <testsuite name="Tests\Unit\DocContractServiceTest" file="/Users/yuggi/Desktop/Zennxii_adminPanel/tests/Unit/DocContractServiceTest.php" tests="27" assertions="127" errors="0" warnings="0" failures="0" skipped="0" time="0.005026">
        <testcase name="test_refuses_to_construct_on_a_partial_config" class="Tests\Unit\DocContractServiceTest" classname="Tests.Unit.DocContractServiceTest" file="/Users/yuggi/Desktop/Zennxii_adminPanel/tests/Unit/DocContractServiceTest.php" line="55" assertions="1" time="0.000196"/>
        <testcase name="test_get_returns_fields_in_declared_order" class="Tests\Unit\DocContractServiceTest" classname="Tests.Unit.DocContractServiceTest" file="/Users/yuggi/Desktop/Zennxii_adminPanel/tests/Unit/DocContractServiceTest.php" line="65" assertions="1" time="0.000257"/>
        <testcase name="test_unknown_document_type_is_rejected" class="Tests\Unit\DocContractServiceTest" classname="Tests.Unit.DocContractServiceTest" file="/Users/yuggi/Desktop/Zennxii_adminPanel/tests/Unit/DocContractServiceTest.php" line="72" assertions="1" time="0.000437"/>
        <testcase name="test_contracts_are_scoped_per_type" class="Tests\Unit\DocContractServiceTest" classname="Tests.Unit.DocContractServiceTest" file="/Users/yuggi/Desktop/Zennxii_adminPanel/tests/Unit/DocContractServiceTest.php" line="83" assertions="4" time="0.000169"/>
        <testcase name="test_state_gated_types_are_hidden_outside_their_state" class="Tests\Unit\DocContractServiceTest" classname="Tests.Unit.DocContractServiceTest" file="/Users/yuggi/Desktop/Zennxii_adminPanel/tests/Unit/DocContractServiceTest.php" line="99" assertions="5" time="0.000227"/>
        <testcase name="test_disabled_types_are_never_offered_in_any_state" class="Tests\Unit\DocContractServiceTest" classname="Tests.Unit.DocContractServiceTest" file="/Users/yuggi/Desktop/Zennxii_adminPanel/tests/Unit/DocContractServiceTest.php" line="111" assertions="8" time="0.000183"/>
        <testcase name="test_type_available_agrees_with_types_for_state" class="Tests\Unit\DocContractServiceTest" classname="Tests.Unit.DocContractServiceTest" file="/Users/yuggi/Desktop/Zennxii_adminPanel/tests/Unit/DocContractServiceTest.php" line="120" assertions="3" time="0.000154"/>
        <testcase name="test_catalogue_lists_every_type_including_the_unavailable" class="Tests\Unit\DocContractServiceTest" classname="Tests.Unit.DocContractServiceTest" file="/Users/yuggi/Desktop/Zennxii_adminPanel/tests/Unit/DocContractServiceTest.php" line="137" assertions="4" time="0.000435"/>
        <testcase name="test_every_catalogue_row_is_either_available_or_carries_a_reason" class="Tests\Unit\DocContractServiceTest" classname="Tests.Unit.DocContractServiceTest" file="/Users/yuggi/Desktop/Zennxii_adminPanel/tests/Unit/DocContractServiceTest.php" line="147" assertions="8" time="0.000220"/>
        <testcase name="test_a_state_gated_reason_names_both_states" class="Tests\Unit\DocContractServiceTest" classname="Tests.Unit.DocContractServiceTest" file="/Users/yuggi/Desktop/Zennxii_adminPanel/tests/Unit/DocContractServiceTest.php" line="159" assertions="3" time="0.000191"/>
        <testcase name="test_an_unset_state_produces_a_reason_that_says_so" class="Tests\Unit\DocContractServiceTest" classname="Tests.Unit.DocContractServiceTest" file="/Users/yuggi/Desktop/Zennxii_adminPanel/tests/Unit/DocContractServiceTest.php" line="169" assertions="2" time="0.000137"/>
        <testcase name="test_disabled_types_are_unavailable_in_every_state" class="Tests\Unit\DocContractServiceTest" classname="Tests.Unit.DocContractServiceTest" file="/Users/yuggi/Desktop/Zennxii_adminPanel/tests/Unit/DocContractServiceTest.php" line="177" assertions="8" time="0.000228"/>
        <testcase name="test_catalogue_field_count_matches_the_contract" class="Tests\Unit\DocContractServiceTest" classname="Tests.Unit.DocContractServiceTest" file="/Users/yuggi/Desktop/Zennxii_adminPanel/tests/Unit/DocContractServiceTest.php" line="186" assertions="8" time="0.000180"/>
        <testcase name="test_catalogue_availability_agrees_with_types_for_state" class="Tests\Unit\DocContractServiceTest" classname="Tests.Unit.DocContractServiceTest" file="/Users/yuggi/Desktop/Zennxii_adminPanel/tests/Unit/DocContractServiceTest.php" line="195" assertions="24" time="0.000177"/>
        <testcase name="test_a_complete_sample_bundle_validates_clean" class="Tests\Unit\DocContractServiceTest" classname="Tests.Unit.DocContractServiceTest" file="/Users/yuggi/Desktop/Zennxii_adminPanel/tests/Unit/DocContractServiceTest.php" line="223" assertions="10" time="0.000202"/>
        <testcase name="test_a_missing_value_blocks" class="Tests\Unit\DocContractServiceTest" classname="Tests.Unit.DocContractServiceTest" file="/Users/yuggi/Desktop/Zennxii_adminPanel/tests/Unit/DocContractServiceTest.php" line="234" assertions="3" time="0.000121"/>
        <testcase name="test_an_empty_string_blocks_exactly_like_a_missing_key" class="Tests\Unit\DocContractServiceTest" classname="Tests.Unit.DocContractServiceTest" file="/Users/yuggi/Desktop/Zennxii_adminPanel/tests/Unit/DocContractServiceTest.php" line="246" assertions="2" time="0.000113"/>
        <testcase name="test_an_off_contract_bound_key_blocks" class="Tests\Unit\DocContractServiceTest" classname="Tests.Unit.DocContractServiceTest" file="/Users/yuggi/Desktop/Zennxii_adminPanel/tests/Unit/DocContractServiceTest.php" line="257" assertions="3" time="0.000219"/>
        <testcase name="test_a_non_numeric_int_field_blocks" class="Tests\Unit\DocContractServiceTest" classname="Tests.Unit.DocContractServiceTest" file="/Users/yuggi/Desktop/Zennxii_adminPanel/tests/Unit/DocContractServiceTest.php" line="270" assertions="2" time="0.000122"/>
        <testcase name="test_over_length_warns_but_does_not_block" class="Tests\Unit\DocContractServiceTest" classname="Tests.Unit.DocContractServiceTest" file="/Users/yuggi/Desktop/Zennxii_adminPanel/tests/Unit/DocContractServiceTest.php" line="285" assertions="4" time="0.000126"/>
        <testcase name="test_an_extraneous_value_warns" class="Tests\Unit\DocContractServiceTest" classname="Tests.Unit.DocContractServiceTest" file="/Users/yuggi/Desktop/Zennxii_adminPanel/tests/Unit/DocContractServiceTest.php" line="299" assertions="3" time="0.000115"/>
        <testcase name="test_bound_keys_narrow_the_requirement" class="Tests\Unit\DocContractServiceTest" classname="Tests.Unit.DocContractServiceTest" file="/Users/yuggi/Desktop/Zennxii_adminPanel/tests/Unit/DocContractServiceTest.php" line="312" assertions="2" time="0.000116"/>
        <testcase name="test_removing_a_field_is_breaking_and_adding_one_is_not" class="Tests\Unit\DocContractServiceTest" classname="Tests.Unit.DocContractServiceTest" file="/Users/yuggi/Desktop/Zennxii_adminPanel/tests/Unit/DocContractServiceTest.php" line="326" assertions="5" time="0.000127"/>
        <testcase name="test_an_identical_version_pair_reports_no_change" class="Tests\Unit\DocContractServiceTest" classname="Tests.Unit.DocContractServiceTest" file="/Users/yuggi/Desktop/Zennxii_adminPanel/tests/Unit/DocContractServiceTest.php" line="340" assertions="5" time="0.000106"/>
        <testcase name="test_diff_rejects_a_key_the_contract_does_not_declare" class="Tests\Unit\DocContractServiceTest" classname="Tests.Unit.DocContractServiceTest" file="/Users/yuggi/Desktop/Zennxii_adminPanel/tests/Unit/DocContractServiceTest.php" line="353" assertions="1" time="0.000110"/>
        <testcase name="test_p95_mode_uses_worst_case_values_and_falls_back_otherwise" class="Tests\Unit\DocContractServiceTest" classname="Tests.Unit.DocContractServiceTest" file="/Users/yuggi/Desktop/Zennxii_adminPanel/tests/Unit/DocContractServiceTest.php" line="368" assertions="2" time="0.000225"/>
        <testcase name="test_sample_bundle_covers_every_declared_key" class="Tests\Unit\DocContractServiceTest" classname="Tests.Unit.DocContractServiceTest" file="/Users/yuggi/Desktop/Zennxii_adminPanel/tests/Unit/DocContractServiceTest.php" line="382" assertions="5" time="0.000130"/>
      </testsuite>
      <testsuite name="Tests\Unit\DocCssCollisionTest" file="/Users/yuggi/Desktop/Zennxii_adminPanel/tests/Unit/DocCssCollisionTest.php" tests="6" assertions="15" errors="0" warnings="0" failures="0" skipped="0" time="0.081760">
        <testcase name="test_shared_class_names_reset_the_properties_the_globals_set" class="Tests\Unit\DocCssCollisionTest" classname="Tests.Unit.DocCssCollisionTest" file="/Users/yuggi/Desktop/Zennxii_adminPanel/tests/Unit/DocCssCollisionTest.php" line="45" assertions="1" time="0.074980"/>
        <testcase name="test_row_and_modal_neutralise_bootstrap_explicitly" class="Tests\Unit\DocCssCollisionTest" classname="Tests.Unit.DocCssCollisionTest" file="/Users/yuggi/Desktop/Zennxii_adminPanel/tests/Unit/DocCssCollisionTest.php" line="88" assertions="5" time="0.000380"/>
        <testcase name="test_the_designer_view_sits_inside_the_panel_content_wrapper" class="Tests\Unit\DocCssCollisionTest" classname="Tests.Unit.DocCssCollisionTest" file="/Users/yuggi/Desktop/Zennxii_adminPanel/tests/Unit/DocCssCollisionTest.php" line="119" assertions="4" time="0.000479"/>
        <testcase name="test_the_designer_shell_excludes_the_panel_chrome_from_its_height" class="Tests\Unit\DocCssCollisionTest" classname="Tests.Unit.DocCssCollisionTest" file="/Users/yuggi/Desktop/Zennxii_adminPanel/tests/Unit/DocCssCollisionTest.php" line="141" assertions="3" time="0.000113"/>
        <testcase name="test_shared_class_names_neutralise_global_pseudo_elements" class="Tests\Unit\DocCssCollisionTest" classname="Tests.Unit.DocCssCollisionTest" file="/Users/yuggi/Desktop/Zennxii_adminPanel/tests/Unit/DocCssCollisionTest.php" line="166" assertions="1" time="0.005729"/>
        <testcase name="test_row_neutralises_the_bootstrap_clearfix" class="Tests\Unit\DocCssCollisionTest" classname="Tests.Unit.DocCssCollisionTest" file="/Users/yuggi/Desktop/Zennxii_adminPanel/tests/Unit/DocCssCollisionTest.php" line="200" assertions="1" time="0.000079"/>
      </testsuite>
      <testsuite name="Tests\Unit\DocFontParityTest" file="/Users/yuggi/Desktop/Zennxii_adminPanel/tests/Unit/DocFontParityTest.php" tests="4" assertions="29" errors="0" warnings="0" failures="0" skipped="0" time="0.000173">
        <testcase name="test_the_serializer_and_the_renderer_declare_the_same_families" class="Tests\Unit\DocFontParityTest" classname="Tests.Unit.DocFontParityTest" file="/Users/yuggi/Desktop/Zennxii_adminPanel/tests/Unit/DocFontParityTest.php" line="49" assertions="1" time="0.000047"/>
        <testcase name="test_each_family_maps_to_the_same_ttf_on_both_sides" class="Tests\Unit\DocFontParityTest" classname="Tests.Unit.DocFontParityTest" file="/Users/yuggi/Desktop/Zennxii_adminPanel/tests/Unit/DocFontParityTest.php" line="67" assertions="7" time="0.000033"/>
        <testcase name="test_every_declared_face_exists_on_disk" class="Tests\Unit\DocFontParityTest" classname="Tests.Unit.DocFontParityTest" file="/Users/yuggi/Desktop/Zennxii_adminPanel/tests/Unit/DocFontParityTest.php" line="79" assertions="14" time="0.000059"/>
        <testcase name="test_no_family_claims_a_bold_face_it_does_not_have" class="Tests\Unit\DocFontParityTest" classname="Tests.Unit.DocFontParityTest" file="/Users/yuggi/Desktop/Zennxii_adminPanel/tests/Unit/DocFontParityTest.php" line="93" assertions="7" time="0.000034"/>
      </testsuite>
      <testsuite name="Tests\Unit\DocRenderIntegrationTest" file="/Users/yuggi/Desktop/Zennxii_adminPanel/tests/Unit/DocRenderIntegrationTest.php" tests="23" assertions="43" errors="0" warnings="0" failures="0" skipped="0" time="0.692790">
        <testcase name="test_a_template_renders_to_real_pdf_bytes" class="Tests\Unit\DocRenderIntegrationTest" classname="Tests.Unit.DocRenderIntegrationTest" file="/Users/yuggi/Desktop/Zennxii_adminPanel/tests/Unit/DocRenderIntegrationTest.php" line="87" assertions="2" time="0.079735"/>
        <testcase name="test_a_measured_block_matches_its_authored_height_within_the_g05_tolerance" class="Tests\Unit\DocRenderIntegrationTest" classname="Tests.Unit.DocRenderIntegrationTest" file="/Users/yuggi/Desktop/Zennxii_adminPanel/tests/Unit/DocRenderIntegrationTest.php" line="105" assertions="2" time="0.001946"/>
        <testcase name="test_measured_height_scales_with_line_count" class="Tests\Unit\DocRenderIntegrationTest" classname="Tests.Unit.DocRenderIntegrationTest" file="/Users/yuggi/Desktop/Zennxii_adminPanel/tests/Unit/DocRenderIntegrationTest.php" line="117" assertions="2" time="0.004191"/>
        <testcase name="test_an_authored_position_survives_into_the_pdf_layout" class="Tests\Unit\DocRenderIntegrationTest" classname="Tests.Unit.DocRenderIntegrationTest" file="/Users/yuggi/Desktop/Zennxii_adminPanel/tests/Unit/DocRenderIntegrationTest.php" line="131" assertions="2" time="0.005251"/>
        <testcase name="test_exceeding_the_page_cap_throws_the_typed_code" class="Tests\Unit\DocRenderIntegrationTest" classname="Tests.Unit.DocRenderIntegrationTest" file="/Users/yuggi/Desktop/Zennxii_adminPanel/tests/Unit/DocRenderIntegrationTest.php" line="147" assertions="2" time="0.002001"/>
        <testcase name="test_single_page_mode_trips_on_a_second_page" class="Tests\Unit\DocRenderIntegrationTest" classname="Tests.Unit.DocRenderIntegrationTest" file="/Users/yuggi/Desktop/Zennxii_adminPanel/tests/Unit/DocRenderIntegrationTest.php" line="157" assertions="2" time="0.001364"/>
        <testcase name="test_a_document_within_the_cap_renders_normally" class="Tests\Unit\DocRenderIntegrationTest" classname="Tests.Unit.DocRenderIntegrationTest" file="/Users/yuggi/Desktop/Zennxii_adminPanel/tests/Unit/DocRenderIntegrationTest.php" line="166" assertions="1" time="0.004266"/>
        <testsuite name="Tests\Unit\DocRenderIntegrationTest::test_each_indic_script_renders_and_embeds_its_own_font" tests="7" assertions="14" errors="0" warnings="0" failures="0" skipped="0" time="0.112984">
          <testcase name="test_each_indic_script_renders_and_embeds_its_own_font with data set &quot;Devanagari&quot;" class="Tests\Unit\DocRenderIntegrationTest" classname="Tests.Unit.DocRenderIntegrationTest" file="/Users/yuggi/Desktop/Zennxii_adminPanel/tests/Unit/DocRenderIntegrationTest.php" line="185" assertions="2" time="0.021205"/>
          <testcase name="test_each_indic_script_renders_and_embeds_its_own_font with data set &quot;Tamil&quot;" class="Tests\Unit\DocRenderIntegrationTest" classname="Tests.Unit.DocRenderIntegrationTest" file="/Users/yuggi/Desktop/Zennxii_adminPanel/tests/Unit/DocRenderIntegrationTest.php" line="185" assertions="2" time="0.013127"/>
          <testcase name="test_each_indic_script_renders_and_embeds_its_own_font with data set &quot;Telugu&quot;" class="Tests\Unit\DocRenderIntegrationTest" classname="Tests.Unit.DocRenderIntegrationTest" file="/Users/yuggi/Desktop/Zennxii_adminPanel/tests/Unit/DocRenderIntegrationTest.php" line="185" assertions="2" time="0.022409"/>
          <testcase name="test_each_indic_script_renders_and_embeds_its_own_font with data set &quot;Gujarati&quot;" class="Tests\Unit\DocRenderIntegrationTest" classname="Tests.Unit.DocRenderIntegrationTest" file="/Users/yuggi/Desktop/Zennxii_adminPanel/tests/Unit/DocRenderIntegrationTest.php" line="185" assertions="2" time="0.014068"/>
          <testcase name="test_each_indic_script_renders_and_embeds_its_own_font with data set &quot;Bengali&quot;" class="Tests\Unit\DocRenderIntegrationTest" classname="Tests.Unit.DocRenderIntegrationTest" file="/Users/yuggi/Desktop/Zennxii_adminPanel/tests/Unit/DocRenderIntegrationTest.php" line="185" assertions="2" time="0.014763"/>
          <testcase name="test_each_indic_script_renders_and_embeds_its_own_font with data set &quot;Kannada&quot;" class="Tests\Unit\DocRenderIntegrationTest" classname="Tests.Unit.DocRenderIntegrationTest" file="/Users/yuggi/Desktop/Zennxii_adminPanel/tests/Unit/DocRenderIntegrationTest.php" line="185" assertions="2" time="0.015247"/>
          <testcase name="test_each_indic_script_renders_and_embeds_its_own_font with data set &quot;Malayalam&quot;" class="Tests\Unit\DocRenderIntegrationTest" classname="Tests.Unit.DocRenderIntegrationTest" file="/Users/yuggi/Desktop/Zennxii_adminPanel/tests/Unit/DocRenderIntegrationTest.php" line="185" assertions="2" time="0.012165"/>
        </testsuite>
        <testcase name="test_an_indic_render_is_materially_different_from_a_latin_fallback" class="Tests\Unit\DocRenderIntegrationTest" classname="Tests.Unit.DocRenderIntegrationTest" file="/Users/yuggi/Desktop/Zennxii_adminPanel/tests/Unit/DocRenderIntegrationTest.php" line="234" assertions="1" time="0.019146"/>
        <testsuite name="Tests\Unit\DocRenderIntegrationTest::test_each_script_actually_puts_ink_on_the_page" tests="7" assertions="14" errors="0" warnings="0" failures="0" skipped="0" time="0.419872">
          <testcase name="test_each_script_actually_puts_ink_on_the_page with data set &quot;Devanagari&quot;" class="Tests\Unit\DocRenderIntegrationTest" classname="Tests.Unit.DocRenderIntegrationTest" file="/Users/yuggi/Desktop/Zennxii_adminPanel/tests/Unit/DocRenderIntegrationTest.php" line="308" assertions="2" time="0.088054">
            <system-out>
Deprecated: Function imagedestroy() is deprecated since 8.5, as it has no effect since PHP 8.0 in /Users/yuggi/Desktop/Zennxii_adminPanel/tests/Unit/DocRenderIntegrationTest.php on line 296
</system-out>
          </testcase>
          <testcase name="test_each_script_actually_puts_ink_on_the_page with data set &quot;Tamil&quot;" class="Tests\Unit\DocRenderIntegrationTest" classname="Tests.Unit.DocRenderIntegrationTest" file="/Users/yuggi/Desktop/Zennxii_adminPanel/tests/Unit/DocRenderIntegrationTest.php" line="308" assertions="2" time="0.062767">
            <system-out>
Deprecated: Function imagedestroy() is deprecated since 8.5, as it has no effect since PHP 8.0 in /Users/yuggi/Desktop/Zennxii_adminPanel/tests/Unit/DocRenderIntegrationTest.php on line 296
</system-out>
          </testcase>
          <testcase name="test_each_script_actually_puts_ink_on_the_page with data set &quot;Telugu&quot;" class="Tests\Unit\DocRenderIntegrationTest" classname="Tests.Unit.DocRenderIntegrationTest" file="/Users/yuggi/Desktop/Zennxii_adminPanel/tests/Unit/DocRenderIntegrationTest.php" line="308" assertions="2" time="0.059296">
            <system-out>
Deprecated: Function imagedestroy() is deprecated since 8.5, as it has no effect since PHP 8.0 in /Users/yuggi/Desktop/Zennxii_adminPanel/tests/Unit/DocRenderIntegrationTest.php on line 296
</system-out>
          </testcase>
          <testcase name="test_each_script_actually_puts_ink_on_the_page with data set &quot;Gujarati&quot;" class="Tests\Unit\DocRenderIntegrationTest" classname="Tests.Unit.DocRenderIntegrationTest" file="/Users/yuggi/Desktop/Zennxii_adminPanel/tests/Unit/DocRenderIntegrationTest.php" line="308" assertions="2" time="0.052956">
            <system-out>
Deprecated: Function imagedestroy() is deprecated since 8.5, as it has no effect since PHP 8.0 in /Users/yuggi/Desktop/Zennxii_adminPanel/tests/Unit/DocRenderIntegrationTest.php on line 296
</system-out>
          </testcase>
          <testcase name="test_each_script_actually_puts_ink_on_the_page with data set &quot;Bengali&quot;" class="Tests\Unit\DocRenderIntegrationTest" classname="Tests.Unit.DocRenderIntegrationTest" file="/Users/yuggi/Desktop/Zennxii_adminPanel/tests/Unit/DocRenderIntegrationTest.php" line="308" assertions="2" time="0.054656">
            <system-out>
Deprecated: Function imagedestroy() is deprecated since 8.5, as it has no effect since PHP 8.0 in /Users/yuggi/Desktop/Zennxii_adminPanel/tests/Unit/DocRenderIntegrationTest.php on line 296
</system-out>
          </testcase>
          <testcase name="test_each_script_actually_puts_ink_on_the_page with data set &quot;Kannada&quot;" class="Tests\Unit\DocRenderIntegrationTest" classname="Tests.Unit.DocRenderIntegrationTest" file="/Users/yuggi/Desktop/Zennxii_adminPanel/tests/Unit/DocRenderIntegrationTest.php" line="308" assertions="2" time="0.050568">
            <system-out>
Deprecated: Function imagedestroy() is deprecated since 8.5, as it has no effect since PHP 8.0 in /Users/yuggi/Desktop/Zennxii_adminPanel/tests/Unit/DocRenderIntegrationTest.php on line 296
</system-out>
          </testcase>
          <testcase name="test_each_script_actually_puts_ink_on_the_page with data set &quot;Malayalam&quot;" class="Tests\Unit\DocRenderIntegrationTest" classname="Tests.Unit.DocRenderIntegrationTest" file="/Users/yuggi/Desktop/Zennxii_adminPanel/tests/Unit/DocRenderIntegrationTest.php" line="308" assertions="2" time="0.051574">
            <system-out>
Deprecated: Function imagedestroy() is deprecated since 8.5, as it has no effect since PHP 8.0 in /Users/yuggi/Desktop/Zennxii_adminPanel/tests/Unit/DocRenderIntegrationTest.php on line 296
</system-out>
          </testcase>
        </testsuite>
        <testcase name="test_the_ink_check_can_tell_a_blank_page_from_a_written_one" class="Tests\Unit\DocRenderIntegrationTest" classname="Tests.Unit.DocRenderIntegrationTest" file="/Users/yuggi/Desktop/Zennxii_adminPanel/tests/Unit/DocRenderIntegrationTest.php" line="340" assertions="1" time="0.042034">
          <system-out>
Deprecated: Function imagedestroy() is deprecated since 8.5, as it has no effect since PHP 8.0 in /Users/yuggi/Desktop/Zennxii_adminPanel/tests/Unit/DocRenderIntegrationTest.php on line 296
</system-out>
        </testcase>
      </testsuite>
      <testsuite name="Tests\Unit\DocRendererPageGeometryTest" file="/Users/yuggi/Desktop/Zennxii_adminPanel/tests/Unit/DocRendererPageGeometryTest.php" tests="6" assertions="17" errors="0" warnings="0" failures="0" skipped="0" time="0.000201">
        <testcase name="test_named_paper_heights_are_real_not_an_a4_default" class="Tests\Unit\DocRendererPageGeometryTest" classname="Tests.Unit.DocRendererPageGeometryTest" file="/Users/yuggi/Desktop/Zennxii_adminPanel/tests/Unit/DocRendererPageGeometryTest.php" line="65" assertions="4" time="0.000048"/>
        <testcase name="test_landscape_uses_the_short_edge" class="Tests\Unit\DocRendererPageGeometryTest" classname="Tests.Unit.DocRendererPageGeometryTest" file="/Users/yuggi/Desktop/Zennxii_adminPanel/tests/Unit/DocRendererPageGeometryTest.php" line="74" assertions="4" time="0.000034"/>
        <testcase name="test_custom_dimensions_still_work_in_both_orientations" class="Tests\Unit\DocRendererPageGeometryTest" classname="Tests.Unit.DocRendererPageGeometryTest" file="/Users/yuggi/Desktop/Zennxii_adminPanel/tests/Unit/DocRendererPageGeometryTest.php" line="83" assertions="2" time="0.000029"/>
        <testcase name="test_lookup_is_case_insensitive" class="Tests\Unit\DocRendererPageGeometryTest" classname="Tests.Unit.DocRendererPageGeometryTest" file="/Users/yuggi/Desktop/Zennxii_adminPanel/tests/Unit/DocRendererPageGeometryTest.php" line="90" assertions="2" time="0.000029"/>
        <testcase name="test_an_unknown_name_falls_back_to_a4_rather_than_something_larger" class="Tests\Unit\DocRendererPageGeometryTest" classname="Tests.Unit.DocRendererPageGeometryTest" file="/Users/yuggi/Desktop/Zennxii_adminPanel/tests/Unit/DocRendererPageGeometryTest.php" line="100" assertions="1" time="0.000030"/>
        <testcase name="test_every_supported_paper_has_real_dimensions" class="Tests\Unit\DocRendererPageGeometryTest" classname="Tests.Unit.DocRendererPageGeometryTest" file="/Users/yuggi/Desktop/Zennxii_adminPanel/tests/Unit/DocRendererPageGeometryTest.php" line="106" assertions="4" time="0.000030"/>
      </testsuite>
      <testsuite name="Tests\Unit\DocResolverTest" file="/Users/yuggi/Desktop/Zennxii_adminPanel/tests/Unit/DocResolverTest.php" tests="15" assertions="143" errors="0" warnings="0" failures="0" skipped="0" time="0.001000">
        <testcase name="test_the_resolver_cannot_issue_or_render_anything" class="Tests\Unit\DocResolverTest" classname="Tests.Unit.DocResolverTest" file="/Users/yuggi/Desktop/Zennxii_adminPanel/tests/Unit/DocResolverTest.php" line="83" assertions="1" time="0.000084"/>
        <testcase name="test_the_resolver_never_writes" class="Tests\Unit\DocResolverTest" classname="Tests.Unit.DocResolverTest" file="/Users/yuggi/Desktop/Zennxii_adminPanel/tests/Unit/DocResolverTest.php" line="96" assertions="6" time="0.000078"/>
        <testcase name="test_it_finds_the_one_active_template" class="Tests\Unit\DocResolverTest" classname="Tests.Unit.DocResolverTest" file="/Users/yuggi/Desktop/Zennxii_adminPanel/tests/Unit/DocResolverTest.php" line="110" assertions="2" time="0.000035"/>
        <testcase name="test_no_active_template_resolves_to_null_not_to_a_draft" class="Tests\Unit\DocResolverTest" classname="Tests.Unit.DocResolverTest" file="/Users/yuggi/Desktop/Zennxii_adminPanel/tests/Unit/DocResolverTest.php" line="117" assertions="1" time="0.000032"/>
        <testcase name="test_two_active_templates_resolve_to_null_rather_than_a_guess" class="Tests\Unit\DocResolverTest" classname="Tests.Unit.DocResolverTest" file="/Users/yuggi/Desktop/Zennxii_adminPanel/tests/Unit/DocResolverTest.php" line="127" assertions="1" time="0.000038"/>
        <testcase name="test_another_school_never_resolves_this_school_s_template" class="Tests\Unit\DocResolverTest" classname="Tests.Unit.DocResolverTest" file="/Users/yuggi/Desktop/Zennxii_adminPanel/tests/Unit/DocResolverTest.php" line="133" assertions="1" time="0.000029"/>
        <testcase name="test_it_resolves_the_frozen_version_not_the_live_head" class="Tests\Unit\DocResolverTest" classname="Tests.Unit.DocResolverTest" file="/Users/yuggi/Desktop/Zennxii_adminPanel/tests/Unit/DocResolverTest.php" line="138" assertions="2" time="0.000030"/>
        <testcase name="test_a_ready_template_still_reports_that_issuance_is_not_wired" class="Tests\Unit\DocResolverTest" classname="Tests.Unit.DocResolverTest" file="/Users/yuggi/Desktop/Zennxii_adminPanel/tests/Unit/DocResolverTest.php" line="150" assertions="4" time="0.000032"/>
        <testcase name="test_no_active_template_is_distinguished_from_no_print_point" class="Tests\Unit\DocResolverTest" classname="Tests.Unit.DocResolverTest" file="/Users/yuggi/Desktop/Zennxii_adminPanel/tests/Unit/DocResolverTest.php" line="160" assertions="2" time="0.000029"/>
        <testcase name="test_a_dangling_active_version_is_reported_not_ignored" class="Tests\Unit\DocResolverTest" classname="Tests.Unit.DocResolverTest" file="/Users/yuggi/Desktop/Zennxii_adminPanel/tests/Unit/DocResolverTest.php" line="167" assertions="2" time="0.000032"/>
        <testcase name="test_every_readiness_answer_carries_a_reason" class="Tests\Unit\DocResolverTest" classname="Tests.Unit.DocResolverTest" file="/Users/yuggi/Desktop/Zennxii_adminPanel/tests/Unit/DocResolverTest.php" line="176" assertions="6" time="0.000037"/>
        <testcase name="test_a_module_can_ask_only_for_what_it_owns" class="Tests\Unit\DocResolverTest" classname="Tests.Unit.DocResolverTest" file="/Users/yuggi/Desktop/Zennxii_adminPanel/tests/Unit/DocResolverTest.php" line="189" assertions="2" time="0.000030"/>
        <testcase name="test_nothing_is_wired_in_this_build" class="Tests\Unit\DocResolverTest" classname="Tests.Unit.DocResolverTest" file="/Users/yuggi/Desktop/Zennxii_adminPanel/tests/Unit/DocResolverTest.php" line="196" assertions="1" time="0.000027"/>
        <testcase name="test_the_shipped_registry_is_complete_and_entirely_unwired" class="Tests\Unit\DocResolverTest" classname="Tests.Unit.DocResolverTest" file="/Users/yuggi/Desktop/Zennxii_adminPanel/tests/Unit/DocResolverTest.php" line="206" assertions="98" time="0.000393"/>
        <testcase name="test_every_issuing_print_point_declares_its_own_numbering_series" class="Tests\Unit\DocResolverTest" classname="Tests.Unit.DocResolverTest" file="/Users/yuggi/Desktop/Zennxii_adminPanel/tests/Unit/DocResolverTest.php" line="230" assertions="14" time="0.000096"/>
      </testsuite>
      <testsuite name="Tests\Unit\DocRowsTest" file="/Users/yuggi/Desktop/Zennxii_adminPanel/tests/Unit/DocRowsTest.php" tests="11" assertions="21" errors="0" warnings="0" failures="0" skipped="0" time="0.000664">
        <testcase name="test_the_envelope_list_becomes_a_map_keyed_by_document_id" class="Tests\Unit\DocRowsTest" classname="Tests.Unit.DocRowsTest" file="/Users/yuggi/Desktop/Zennxii_adminPanel/tests/Unit/DocRowsTest.php" line="49" assertions="2" time="0.000041"/>
        <testcase name="test_the_fields_consumers_read_are_reachable_at_the_top_level" class="Tests\Unit\DocRowsTest" classname="Tests.Unit.DocRowsTest" file="/Users/yuggi/Desktop/Zennxii_adminPanel/tests/Unit/DocRowsTest.php" line="66" assertions="7" time="0.000031"/>
        <testcase name="test_the_document_id_is_folded_in_as_underscore_id" class="Tests\Unit\DocRowsTest" classname="Tests.Unit.DocRowsTest" file="/Users/yuggi/Desktop/Zennxii_adminPanel/tests/Unit/DocRowsTest.php" line="78" assertions="1" time="0.000025"/>
        <testcase name="test_an_already_mapped_result_passes_through_unharmed" class="Tests\Unit\DocRowsTest" classname="Tests.Unit.DocRowsTest" file="/Users/yuggi/Desktop/Zennxii_adminPanel/tests/Unit/DocRowsTest.php" line="88" assertions="2" time="0.000027"/>
        <testsuite name="Tests\Unit\DocRowsTest::test_nothing_useful_becomes_an_empty_map" tests="5" assertions="5" errors="0" warnings="0" failures="0" skipped="0" time="0.000119">
          <testcase name="test_nothing_useful_becomes_an_empty_map with data set #0" class="Tests\Unit\DocRowsTest" classname="Tests.Unit.DocRowsTest" file="/Users/yuggi/Desktop/Zennxii_adminPanel/tests/Unit/DocRowsTest.php" line="98" assertions="1" time="0.000027"/>
          <testcase name="test_nothing_useful_becomes_an_empty_map with data set #1" class="Tests\Unit\DocRowsTest" classname="Tests.Unit.DocRowsTest" file="/Users/yuggi/Desktop/Zennxii_adminPanel/tests/Unit/DocRowsTest.php" line="98" assertions="1" time="0.000024"/>
          <testcase name="test_nothing_useful_becomes_an_empty_map with data set #2" class="Tests\Unit\DocRowsTest" classname="Tests.Unit.DocRowsTest" file="/Users/yuggi/Desktop/Zennxii_adminPanel/tests/Unit/DocRowsTest.php" line="98" assertions="1" time="0.000023"/>
          <testcase name="test_nothing_useful_becomes_an_empty_map with data set #3" class="Tests\Unit\DocRowsTest" classname="Tests.Unit.DocRowsTest" file="/Users/yuggi/Desktop/Zennxii_adminPanel/tests/Unit/DocRowsTest.php" line="98" assertions="1" time="0.000023"/>
          <testcase name="test_nothing_useful_becomes_an_empty_map with data set #4" class="Tests\Unit\DocRowsTest" classname="Tests.Unit.DocRowsTest" file="/Users/yuggi/Desktop/Zennxii_adminPanel/tests/Unit/DocRowsTest.php" line="98" assertions="1" time="0.000023"/>
        </testsuite>
        <testcase name="test_a_row_with_no_identifiable_id_is_dropped_not_keyed_by_position" class="Tests\Unit\DocRowsTest" classname="Tests.Unit.DocRowsTest" file="/Users/yuggi/Desktop/Zennxii_adminPanel/tests/Unit/DocRowsTest.php" line="108" assertions="1" time="0.000025"/>
        <testcase name="test_every_query_adapter_normalises" class="Tests\Unit\DocRowsTest" classname="Tests.Unit.DocRowsTest" file="/Users/yuggi/Desktop/Zennxii_adminPanel/tests/Unit/DocRowsTest.php" line="120" assertions="3" time="0.000396"/>
      </testsuite>
      <testsuite name="Tests\Unit\DocSecurityTest" file="/Users/yuggi/Desktop/Zennxii_adminPanel/tests/Unit/DocSecurityTest.php" tests="36" assertions="114" errors="0" warnings="0" failures="0" skipped="0" time="0.003208">
        <testsuite name="Tests\Unit\DocSecurityTest::test_the_serializer_rejects_a_hostile_image_source" tests="8" assertions="8" errors="0" warnings="0" failures="0" skipped="0" time="0.000301">
          <testcase name="test_the_serializer_rejects_a_hostile_image_source with data set &quot;remote http&quot;" class="Tests\Unit\DocSecurityTest" classname="Tests.Unit.DocSecurityTest" file="/Users/yuggi/Desktop/Zennxii_adminPanel/tests/Unit/DocSecurityTest.php" line="66" assertions="1" time="0.000069"/>
          <testcase name="test_the_serializer_rejects_a_hostile_image_source with data set &quot;remote https&quot;" class="Tests\Unit\DocSecurityTest" classname="Tests.Unit.DocSecurityTest" file="/Users/yuggi/Desktop/Zennxii_adminPanel/tests/Unit/DocSecurityTest.php" line="66" assertions="1" time="0.000038"/>
          <testcase name="test_the_serializer_rejects_a_hostile_image_source with data set &quot;file scheme&quot;" class="Tests\Unit\DocSecurityTest" classname="Tests.Unit.DocSecurityTest" file="/Users/yuggi/Desktop/Zennxii_adminPanel/tests/Unit/DocSecurityTest.php" line="66" assertions="1" time="0.000035"/>
          <testcase name="test_the_serializer_rejects_a_hostile_image_source with data set &quot;php wrapper&quot;" class="Tests\Unit\DocSecurityTest" classname="Tests.Unit.DocSecurityTest" file="/Users/yuggi/Desktop/Zennxii_adminPanel/tests/Unit/DocSecurityTest.php" line="66" assertions="1" time="0.000033"/>
          <testcase name="test_the_serializer_rejects_a_hostile_image_source with data set &quot;data url&quot;" class="Tests\Unit\DocSecurityTest" classname="Tests.Unit.DocSecurityTest" file="/Users/yuggi/Desktop/Zennxii_adminPanel/tests/Unit/DocSecurityTest.php" line="66" assertions="1" time="0.000032"/>
          <testcase name="test_the_serializer_rejects_a_hostile_image_source with data set &quot;javascript scheme&quot;" class="Tests\Unit\DocSecurityTest" classname="Tests.Unit.DocSecurityTest" file="/Users/yuggi/Desktop/Zennxii_adminPanel/tests/Unit/DocSecurityTest.php" line="66" assertions="1" time="0.000031"/>
          <testcase name="test_the_serializer_rejects_a_hostile_image_source with data set &quot;protocol relative&quot;" class="Tests\Unit\DocSecurityTest" classname="Tests.Unit.DocSecurityTest" file="/Users/yuggi/Desktop/Zennxii_adminPanel/tests/Unit/DocSecurityTest.php" line="66" assertions="1" time="0.000032"/>
          <testcase name="test_the_serializer_rejects_a_hostile_image_source with data set &quot;parent traversal&quot;" class="Tests\Unit\DocSecurityTest" classname="Tests.Unit.DocSecurityTest" file="/Users/yuggi/Desktop/Zennxii_adminPanel/tests/Unit/DocSecurityTest.php" line="66" assertions="1" time="0.000031"/>
        </testsuite>
        <testcase name="test_a_plain_storage_path_is_accepted" class="Tests\Unit\DocSecurityTest" classname="Tests.Unit.DocSecurityTest" file="/Users/yuggi/Desktop/Zennxii_adminPanel/tests/Unit/DocSecurityTest.php" line="88" assertions="1" time="0.000037"/>
        <testcase name="test_an_entity_encoded_scheme_is_still_rejected" class="Tests\Unit\DocSecurityTest" classname="Tests.Unit.DocSecurityTest" file="/Users/yuggi/Desktop/Zennxii_adminPanel/tests/Unit/DocSecurityTest.php" line="95" assertions="1" time="0.000035"/>
        <testsuite name="Tests\Unit\DocSecurityTest::test_the_renderer_also_rejects_a_hostile_image_source" tests="8" assertions="8" errors="0" warnings="0" failures="0" skipped="0" time="0.000270">
          <testcase name="test_the_renderer_also_rejects_a_hostile_image_source with data set &quot;remote http&quot;" class="Tests\Unit\DocSecurityTest" classname="Tests.Unit.DocSecurityTest" file="/Users/yuggi/Desktop/Zennxii_adminPanel/tests/Unit/DocSecurityTest.php" line="106" assertions="1" time="0.000052"/>
          <testcase name="test_the_renderer_also_rejects_a_hostile_image_source with data set &quot;remote https&quot;" class="Tests\Unit\DocSecurityTest" classname="Tests.Unit.DocSecurityTest" file="/Users/yuggi/Desktop/Zennxii_adminPanel/tests/Unit/DocSecurityTest.php" line="106" assertions="1" time="0.000029"/>
          <testcase name="test_the_renderer_also_rejects_a_hostile_image_source with data set &quot;file scheme&quot;" class="Tests\Unit\DocSecurityTest" classname="Tests.Unit.DocSecurityTest" file="/Users/yuggi/Desktop/Zennxii_adminPanel/tests/Unit/DocSecurityTest.php" line="106" assertions="1" time="0.000028"/>
          <testcase name="test_the_renderer_also_rejects_a_hostile_image_source with data set &quot;php wrapper&quot;" class="Tests\Unit\DocSecurityTest" classname="Tests.Unit.DocSecurityTest" file="/Users/yuggi/Desktop/Zennxii_adminPanel/tests/Unit/DocSecurityTest.php" line="106" assertions="1" time="0.000027"/>
          <testcase name="test_the_renderer_also_rejects_a_hostile_image_source with data set &quot;data url&quot;" class="Tests\Unit\DocSecurityTest" classname="Tests.Unit.DocSecurityTest" file="/Users/yuggi/Desktop/Zennxii_adminPanel/tests/Unit/DocSecurityTest.php" line="106" assertions="1" time="0.000027"/>
          <testcase name="test_the_renderer_also_rejects_a_hostile_image_source with data set &quot;javascript scheme&quot;" class="Tests\Unit\DocSecurityTest" classname="Tests.Unit.DocSecurityTest" file="/Users/yuggi/Desktop/Zennxii_adminPanel/tests/Unit/DocSecurityTest.php" line="106" assertions="1" time="0.000039"/>
          <testcase name="test_the_renderer_also_rejects_a_hostile_image_source with data set &quot;protocol relative&quot;" class="Tests\Unit\DocSecurityTest" classname="Tests.Unit.DocSecurityTest" file="/Users/yuggi/Desktop/Zennxii_adminPanel/tests/Unit/DocSecurityTest.php" line="106" assertions="1" time="0.000029"/>
          <testcase name="test_the_renderer_also_rejects_a_hostile_image_source with data set &quot;parent traversal&quot;" class="Tests\Unit\DocSecurityTest" classname="Tests.Unit.DocSecurityTest" file="/Users/yuggi/Desktop/Zennxii_adminPanel/tests/Unit/DocSecurityTest.php" line="106" assertions="1" time="0.000038"/>
        </testsuite>
        <testcase name="test_both_paths_carry_a_guard" class="Tests\Unit\DocSecurityTest" classname="Tests.Unit.DocSecurityTest" file="/Users/yuggi/Desktop/Zennxii_adminPanel/tests/Unit/DocSecurityTest.php" line="121" assertions="2" time="0.000029"/>
        <testcase name="test_script_tags_in_authored_text_are_escaped" class="Tests\Unit\DocSecurityTest" classname="Tests.Unit.DocSecurityTest" file="/Users/yuggi/Desktop/Zennxii_adminPanel/tests/Unit/DocSecurityTest.php" line="137" assertions="3" time="0.000046"/>
        <testcase name="test_a_resolved_merge_value_is_escaped" class="Tests\Unit\DocSecurityTest" classname="Tests.Unit.DocSecurityTest" file="/Users/yuggi/Desktop/Zennxii_adminPanel/tests/Unit/DocSecurityTest.php" line="159" assertions="2" time="0.000074"/>
        <testcase name="test_no_doc_templates_route_is_excluded_from_csrf" class="Tests\Unit\DocSecurityTest" classname="Tests.Unit.DocSecurityTest" file="/Users/yuggi/Desktop/Zennxii_adminPanel/tests/Unit/DocSecurityTest.php" line="199" assertions="2" time="0.000375"/>
        <testcase name="test_every_endpoint_declares_a_capability" class="Tests\Unit\DocSecurityTest" classname="Tests.Unit.DocSecurityTest" file="/Users/yuggi/Desktop/Zennxii_adminPanel/tests/Unit/DocSecurityTest.php" line="213" assertions="20" time="0.000300"/>
        <testcase name="test_every_resource_cap_is_declared_and_sane" class="Tests\Unit\DocSecurityTest" classname="Tests.Unit.DocSecurityTest" file="/Users/yuggi/Desktop/Zennxii_adminPanel/tests/Unit/DocSecurityTest.php" line="241" assertions="6" time="0.000057"/>
        <testcase name="test_failures_carry_typed_error_codes" class="Tests\Unit\DocSecurityTest" classname="Tests.Unit.DocSecurityTest" file="/Users/yuggi/Desktop/Zennxii_adminPanel/tests/Unit/DocSecurityTest.php" line="256" assertions="6" time="0.000115"/>
        <testcase name="test_the_image_guard_raises_its_typed_code" class="Tests\Unit\DocSecurityTest" classname="Tests.Unit.DocSecurityTest" file="/Users/yuggi/Desktop/Zennxii_adminPanel/tests/Unit/DocSecurityTest.php" line="279" assertions="1" time="0.000037"/>
        <testcase name="test_no_engine_failure_path_returns_instead_of_throwing" class="Tests\Unit\DocSecurityTest" classname="Tests.Unit.DocSecurityTest" file="/Users/yuggi/Desktop/Zennxii_adminPanel/tests/Unit/DocSecurityTest.php" line="299" assertions="1" time="0.000064"/>
        <testcase name="test_the_wired_endpoints_no_longer_return_a_pending_stub" class="Tests\Unit\DocSecurityTest" classname="Tests.Unit.DocSecurityTest" file="/Users/yuggi/Desktop/Zennxii_adminPanel/tests/Unit/DocSecurityTest.php" line="321" assertions="30" time="0.000164"/>
        <testcase name="test_no_endpoint_is_a_stub_any_more" class="Tests\Unit\DocSecurityTest" classname="Tests.Unit.DocSecurityTest" file="/Users/yuggi/Desktop/Zennxii_adminPanel/tests/Unit/DocSecurityTest.php" line="350" assertions="1" time="0.000083"/>
        <testcase name="test_uploads_denies_web_access_to_rendered_pdfs" class="Tests\Unit\DocSecurityTest" classname="Tests.Unit.DocSecurityTest" file="/Users/yuggi/Desktop/Zennxii_adminPanel/tests/Unit/DocSecurityTest.php" line="386" assertions="3" time="0.000306"/>
        <testcase name="test_uploads_never_executes_php" class="Tests\Unit\DocSecurityTest" classname="Tests.Unit.DocSecurityTest" file="/Users/yuggi/Desktop/Zennxii_adminPanel/tests/Unit/DocSecurityTest.php" line="397" assertions="2" time="0.000039"/>
        <testcase name="test_the_renderer_has_no_default_image_root" class="Tests\Unit\DocSecurityTest" classname="Tests.Unit.DocSecurityTest" file="/Users/yuggi/Desktop/Zennxii_adminPanel/tests/Unit/DocSecurityTest.php" line="414" assertions="1" time="0.000055"/>
        <testcase name="test_the_service_is_handed_its_tenant_from_the_session" class="Tests\Unit\DocSecurityTest" classname="Tests.Unit.DocSecurityTest" file="/Users/yuggi/Desktop/Zennxii_adminPanel/tests/Unit/DocSecurityTest.php" line="426" assertions="2" time="0.000042"/>
        <testcase name="test_every_print_point_names_a_real_rbac_module" class="Tests\Unit\DocSecurityTest" classname="Tests.Unit.DocSecurityTest" file="/Users/yuggi/Desktop/Zennxii_adminPanel/tests/Unit/DocSecurityTest.php" line="449" assertions="8" time="0.000135"/>
        <testcase name="test_every_public_endpoint_declares_a_capability" class="Tests\Unit\DocSecurityTest" classname="Tests.Unit.DocSecurityTest" file="/Users/yuggi/Desktop/Zennxii_adminPanel/tests/Unit/DocSecurityTest.php" line="472" assertions="2" time="0.000099"/>
        <testcase name="test_the_actor_is_read_from_a_property_that_exists" class="Tests\Unit\DocSecurityTest" classname="Tests.Unit.DocSecurityTest" file="/Users/yuggi/Desktop/Zennxii_adminPanel/tests/Unit/DocSecurityTest.php" line="500" assertions="4" time="0.000544"/>
      </testsuite>
      <testsuite name="Tests\Unit\DocSerializerGoldenTest" file="/Users/yuggi/Desktop/Zennxii_adminPanel/tests/Unit/DocSerializerGoldenTest.php" tests="4" assertions="10" errors="0" warnings="0" failures="0" skipped="0" time="0.001329">
        <testcase name="test_typical_sample_render_matches_golden" class="Tests\Unit\DocSerializerGoldenTest" classname="Tests.Unit.DocSerializerGoldenTest" file="/Users/yuggi/Desktop/Zennxii_adminPanel/tests/Unit/DocSerializerGoldenTest.php" line="155" assertions="2" time="0.000441"/>
        <testcase name="test_p95_stress_render_matches_golden" class="Tests\Unit\DocSerializerGoldenTest" classname="Tests.Unit.DocSerializerGoldenTest" file="/Users/yuggi/Desktop/Zennxii_adminPanel/tests/Unit/DocSerializerGoldenTest.php" line="163" assertions="2" time="0.000195"/>
        <testcase name="test_duplicate_render_matches_golden" class="Tests\Unit\DocSerializerGoldenTest" classname="Tests.Unit.DocSerializerGoldenTest" file="/Users/yuggi/Desktop/Zennxii_adminPanel/tests/Unit/DocSerializerGoldenTest.php" line="171" assertions="2" time="0.000611"/>
        <testcase name="test_the_three_goldens_are_genuinely_different" class="Tests\Unit\DocSerializerGoldenTest" classname="Tests.Unit.DocSerializerGoldenTest" file="/Users/yuggi/Desktop/Zennxii_adminPanel/tests/Unit/DocSerializerGoldenTest.php" line="184" assertions="4" time="0.000082"/>
      </testsuite>
      <testsuite name="Tests\Unit\DocSerializerTest" file="/Users/yuggi/Desktop/Zennxii_adminPanel/tests/Unit/DocSerializerTest.php" tests="41" assertions="89" errors="0" warnings="0" failures="0" skipped="0" time="0.001697">
        <testcase name="test_an_unanchored_object_is_absolutely_positioned_in_mm" class="Tests\Unit\DocSerializerTest" classname="Tests.Unit.DocSerializerTest" file="/Users/yuggi/Desktop/Zennxii_adminPanel/tests/Unit/DocSerializerTest.php" line="91" assertions="4" time="0.000061"/>
        <testcase name="test_auto_height_omits_height_and_fixed_states_it" class="Tests\Unit\DocSerializerTest" classname="Tests.Unit.DocSerializerTest" file="/Users/yuggi/Desktop/Zennxii_adminPanel/tests/Unit/DocSerializerTest.php" line="104" assertions="2" time="0.000056"/>
        <testcase name="test_maxhmm_emits_a_ceiling" class="Tests\Unit\DocSerializerTest" classname="Tests.Unit.DocSerializerTest" file="/Users/yuggi/Desktop/Zennxii_adminPanel/tests/Unit/DocSerializerTest.php" line="114" assertions="1" time="0.000038"/>
        <testcase name="test_an_anchor_chain_emits_one_container_with_block_children" class="Tests\Unit\DocSerializerTest" classname="Tests.Unit.DocSerializerTest" file="/Users/yuggi/Desktop/Zennxii_adminPanel/tests/Unit/DocSerializerTest.php" line="129" assertions="3" time="0.000050"/>
        <testcase name="test_a_dangling_anchor_is_rejected" class="Tests\Unit\DocSerializerTest" classname="Tests.Unit.DocSerializerTest" file="/Users/yuggi/Desktop/Zennxii_adminPanel/tests/Unit/DocSerializerTest.php" line="143" assertions="2" time="0.000047"/>
        <testcase name="test_an_anchor_cycle_is_rejected" class="Tests\Unit\DocSerializerTest" classname="Tests.Unit.DocSerializerTest" file="/Users/yuggi/Desktop/Zennxii_adminPanel/tests/Unit/DocSerializerTest.php" line="150" assertions="2" time="0.000040"/>
        <testcase name="test_the_flow_region_is_emitted_in_normal_flow" class="Tests\Unit\DocSerializerTest" classname="Tests.Unit.DocSerializerTest" file="/Users/yuggi/Desktop/Zennxii_adminPanel/tests/Unit/DocSerializerTest.php" line="165" assertions="2" time="0.000038"/>
        <testcase name="test_pagenumber_emits_the_mpdf_token_not_a_literal" class="Tests\Unit\DocSerializerTest" classname="Tests.Unit.DocSerializerTest" file="/Users/yuggi/Desktop/Zennxii_adminPanel/tests/Unit/DocSerializerTest.php" line="178" assertions="2" time="0.000037"/>
        <testcase name="test_every_selector_is_namespaced_under_the_template_root" class="Tests\Unit\DocSerializerTest" classname="Tests.Unit.DocSerializerTest" file="/Users/yuggi/Desktop/Zennxii_adminPanel/tests/Unit/DocSerializerTest.php" line="192" assertions="9" time="0.000061"/>
        <testcase name="test_no_flex_and_no_grid_is_ever_emitted" class="Tests\Unit\DocSerializerTest" classname="Tests.Unit.DocSerializerTest" file="/Users/yuggi/Desktop/Zennxii_adminPanel/tests/Unit/DocSerializerTest.php" line="222" assertions="4" time="0.000052"/>
        <testcase name="test_a_field_resolves_from_real_data" class="Tests\Unit\DocSerializerTest" classname="Tests.Unit.DocSerializerTest" file="/Users/yuggi/Desktop/Zennxii_adminPanel/tests/Unit/DocSerializerTest.php" line="242" assertions="1" time="0.000037"/>
        <testcase name="test_an_unresolved_field_throws_rather_than_printing_blank" class="Tests\Unit\DocSerializerTest" classname="Tests.Unit.DocSerializerTest" file="/Users/yuggi/Desktop/Zennxii_adminPanel/tests/Unit/DocSerializerTest.php" line="252" assertions="2" time="0.000048"/>
        <testcase name="test_an_empty_string_is_treated_as_unresolved" class="Tests\Unit\DocSerializerTest" classname="Tests.Unit.DocSerializerTest" file="/Users/yuggi/Desktop/Zennxii_adminPanel/tests/Unit/DocSerializerTest.php" line="259" assertions="1" time="0.000037"/>
        <testcase name="test_a_literal_placeholder_can_never_reach_the_output" class="Tests\Unit\DocSerializerTest" classname="Tests.Unit.DocSerializerTest" file="/Users/yuggi/Desktop/Zennxii_adminPanel/tests/Unit/DocSerializerTest.php" line="267" assertions="2" time="0.000037"/>
        <testcase name="test_an_off_contract_key_throws" class="Tests\Unit\DocSerializerTest" classname="Tests.Unit.DocSerializerTest" file="/Users/yuggi/Desktop/Zennxii_adminPanel/tests/Unit/DocSerializerTest.php" line="277" assertions="2" time="0.000043"/>
        <testcase name="test_p95_mode_renders_the_worst_case_value" class="Tests\Unit\DocSerializerTest" classname="Tests.Unit.DocSerializerTest" file="/Users/yuggi/Desktop/Zennxii_adminPanel/tests/Unit/DocSerializerTest.php" line="293" assertions="3" time="0.000046"/>
        <testcase name="test_a_text_object_without_line_height_is_rejected" class="Tests\Unit\DocSerializerTest" classname="Tests.Unit.DocSerializerTest" file="/Users/yuggi/Desktop/Zennxii_adminPanel/tests/Unit/DocSerializerTest.php" line="308" assertions="2" time="0.000042"/>
        <testcase name="test_line_height_is_emitted_verbatim" class="Tests\Unit\DocSerializerTest" classname="Tests.Unit.DocSerializerTest" file="/Users/yuggi/Desktop/Zennxii_adminPanel/tests/Unit/DocSerializerTest.php" line="318" assertions="2" time="0.000036"/>
        <testcase name="test_shapes_and_images_need_no_line_height" class="Tests\Unit\DocSerializerTest" classname="Tests.Unit.DocSerializerTest" file="/Users/yuggi/Desktop/Zennxii_adminPanel/tests/Unit/DocSerializerTest.php" line="328" assertions="1" time="0.000044"/>
        <testcase name="test_text_and_resolved_values_are_escaped" class="Tests\Unit\DocSerializerTest" classname="Tests.Unit.DocSerializerTest" file="/Users/yuggi/Desktop/Zennxii_adminPanel/tests/Unit/DocSerializerTest.php" line="341" assertions="2" time="0.000052"/>
        <testcase name="test_newlines_become_br_and_formatting_nests_like_the_client" class="Tests\Unit\DocSerializerTest" classname="Tests.Unit.DocSerializerTest" file="/Users/yuggi/Desktop/Zennxii_adminPanel/tests/Unit/DocSerializerTest.php" line="352" assertions="1" time="0.000037"/>
        <testcase name="test_rendering_an_undeclared_language_is_rejected" class="Tests\Unit\DocSerializerTest" classname="Tests.Unit.DocSerializerTest" file="/Users/yuggi/Desktop/Zennxii_adminPanel/tests/Unit/DocSerializerTest.php" line="360" assertions="2" time="0.000039"/>
        <testcase name="test_a_missing_translation_for_a_declared_language_throws" class="Tests\Unit\DocSerializerTest" classname="Tests.Unit.DocSerializerTest" file="/Users/yuggi/Desktop/Zennxii_adminPanel/tests/Unit/DocSerializerTest.php" line="368" assertions="2" time="0.000046"/>
        <testcase name="test_showwhen_gates_the_duplicate_mark" class="Tests\Unit\DocSerializerTest" classname="Tests.Unit.DocSerializerTest" file="/Users/yuggi/Desktop/Zennxii_adminPanel/tests/Unit/DocSerializerTest.php" line="380" assertions="2" time="0.000044"/>
        <testcase name="test_page_size_comes_from_the_template_not_a_hardcoded_a4" class="Tests\Unit\DocSerializerTest" classname="Tests.Unit.DocSerializerTest" file="/Users/yuggi/Desktop/Zennxii_adminPanel/tests/Unit/DocSerializerTest.php" line="393" assertions="2" time="0.000044"/>
        <testcase name="test_tier2_blocks_an_absolute_chain_that_runs_past_the_page" class="Tests\Unit\DocSerializerTest" classname="Tests.Unit.DocSerializerTest" file="/Users/yuggi/Desktop/Zennxii_adminPanel/tests/Unit/DocSerializerTest.php" line="414" assertions="4" time="0.000042"/>
        <testcase name="test_tier1_is_not_consulted_for_absolute_chains" class="Tests\Unit\DocSerializerTest" classname="Tests.Unit.DocSerializerTest" file="/Users/yuggi/Desktop/Zennxii_adminPanel/tests/Unit/DocSerializerTest.php" line="439" assertions="2" time="0.000036"/>
        <testcase name="test_tier1_blocks_a_single_page_template_whose_flow_region_spills" class="Tests\Unit\DocSerializerTest" classname="Tests.Unit.DocSerializerTest" file="/Users/yuggi/Desktop/Zennxii_adminPanel/tests/Unit/DocSerializerTest.php" line="455" assertions="2" time="0.000033"/>
        <testcase name="test_a_multipage_template_may_flow_onto_a_second_page" class="Tests\Unit\DocSerializerTest" classname="Tests.Unit.DocSerializerTest" file="/Users/yuggi/Desktop/Zennxii_adminPanel/tests/Unit/DocSerializerTest.php" line="471" assertions="1" time="0.000031"/>
        <testcase name="test_assertfits_throws_with_the_planned_error_code" class="Tests\Unit\DocSerializerTest" classname="Tests.Unit.DocSerializerTest" file="/Users/yuggi/Desktop/Zennxii_adminPanel/tests/Unit/DocSerializerTest.php" line="482" assertions="2" time="0.000038"/>
        <testcase name="test_a_renderer_that_cannot_answer_tier1_fails_loudly" class="Tests\Unit\DocSerializerTest" classname="Tests.Unit.DocSerializerTest" file="/Users/yuggi/Desktop/Zennxii_adminPanel/tests/Unit/DocSerializerTest.php" line="501" assertions="2" time="0.000042"/>
[...]
        <testcase name="active_school_classified_as_active" class="Tests\Unit\SubscriptionTest" classname="Tests.Unit.SubscriptionTest" file="/Users/yuggi/Desktop/Zennxii_adminPanel/tests/Unit/SubscriptionTest.php" line="75" assertions="1" time="0.000041"/>
        <testcase name="school_expiring_in_15_days_classified_as_expiring_soon" class="Tests\Unit\SubscriptionTest" classname="Tests.Unit.SubscriptionTest" file="/Users/yuggi/Desktop/Zennxii_adminPanel/tests/Unit/SubscriptionTest.php" line="82" assertions="1" time="0.000033"/>
        <testcase name="school_expiring_today_classified_as_expiring_soon" class="Tests\Unit\SubscriptionTest" classname="Tests.Unit.SubscriptionTest" file="/Users/yuggi/Desktop/Zennxii_adminPanel/tests/Unit/SubscriptionTest.php" line="89" assertions="1" time="0.000040"/>
        <testcase name="school_expired_7_days_ago_classified_as_grace" class="Tests\Unit\SubscriptionTest" classname="Tests.Unit.SubscriptionTest" file="/Users/yuggi/Desktop/Zennxii_adminPanel/tests/Unit/SubscriptionTest.php" line="99" assertions="1" time="0.000031"/>
        <testcase name="school_expired_20_days_ago_classified_as_expired" class="Tests\Unit\SubscriptionTest" classname="Tests.Unit.SubscriptionTest" file="/Users/yuggi/Desktop/Zennxii_adminPanel/tests/Unit/SubscriptionTest.php" line="106" assertions="1" time="0.000030"/>
        <testcase name="school_with_suspended_status_always_classified_as_suspended" class="Tests\Unit\SubscriptionTest" classname="Tests.Unit.SubscriptionTest" file="/Users/yuggi/Desktop/Zennxii_adminPanel/tests/Unit/SubscriptionTest.php" line="113" assertions="1" time="0.000028"/>
        <testcase name="school_with_inactive_status_classified_as_inactive" class="Tests\Unit\SubscriptionTest" classname="Tests.Unit.SubscriptionTest" file="/Users/yuggi/Desktop/Zennxii_adminPanel/tests/Unit/SubscriptionTest.php" line="120" assertions="1" time="0.000031"/>
        <testcase name="expire_check_suspends_school_past_grace_period" class="Tests\Unit\SubscriptionTest" classname="Tests.Unit.SubscriptionTest" file="/Users/yuggi/Desktop/Zennxii_adminPanel/tests/Unit/SubscriptionTest.php" line="131" assertions="2" time="0.000039"/>
        <testcase name="expire_check_does_not_suspend_school_in_grace_period" class="Tests\Unit\SubscriptionTest" classname="Tests.Unit.SubscriptionTest" file="/Users/yuggi/Desktop/Zennxii_adminPanel/tests/Unit/SubscriptionTest.php" line="146" assertions="2" time="0.000039"/>
        <testcase name="expire_check_does_not_touch_active_schools" class="Tests\Unit\SubscriptionTest" classname="Tests.Unit.SubscriptionTest" file="/Users/yuggi/Desktop/Zennxii_adminPanel/tests/Unit/SubscriptionTest.php" line="161" assertions="2" time="0.000032"/>
        <testcase name="expire_check_processes_multiple_schools_correctly" class="Tests\Unit\SubscriptionTest" classname="Tests.Unit.SubscriptionTest" file="/Users/yuggi/Desktop/Zennxii_adminPanel/tests/Unit/SubscriptionTest.php" line="175" assertions="3" time="0.000048"/>
        <testcase name="add_payment_stores_record_in_System_Payments" class="Tests\Unit\SubscriptionTest" classname="Tests.Unit.SubscriptionTest" file="/Users/yuggi/Desktop/Zennxii_adminPanel/tests/Unit/SubscriptionTest.php" line="199" assertions="4" time="0.000042"/>
        <testcase name="add_payment_with_zero_amount_is_rejected" class="Tests\Unit\SubscriptionTest" classname="Tests.Unit.SubscriptionTest" file="/Users/yuggi/Desktop/Zennxii_adminPanel/tests/Unit/SubscriptionTest.php" line="221" assertions="1" time="0.000030"/>
        <testcase name="delete_payment_removes_record_from_firebase" class="Tests\Unit\SubscriptionTest" classname="Tests.Unit.SubscriptionTest" file="/Users/yuggi/Desktop/Zennxii_adminPanel/tests/Unit/SubscriptionTest.php" line="229" assertions="1" time="0.000035"/>
      </testsuite>
      <testsuite name="Tests\Unit\SupportDeskRegressionTest" file="/Users/yuggi/Desktop/Zennxii_adminPanel/tests/Unit/SupportDeskRegressionTest.php" tests="10" assertions="53" errors="0" warnings="0" failures="0" skipped="0" time="0.004645">
        <testcase name="test_r25_message_created_at_is_a_timestamp_not_a_string" class="Tests\Unit\SupportDeskRegressionTest" classname="Tests.Unit.SupportDeskRegressionTest" file="/Users/yuggi/Desktop/Zennxii_adminPanel/tests/Unit/SupportDeskRegressionTest.php" line="46" assertions="5" time="0.001428"/>
        <testcase name="test_r25_iso_helper_emits_z_suffixed_utc" class="Tests\Unit\SupportDeskRegressionTest" classname="Tests.Unit.SupportDeskRegressionTest" file="/Users/yuggi/Desktop/Zennxii_adminPanel/tests/Unit/SupportDeskRegressionTest.php" line="67" assertions="4" time="0.000642"/>
        <testcase name="test_r27_assign_to_current_assignee_is_a_no_op" class="Tests\Unit\SupportDeskRegressionTest" classname="Tests.Unit.SupportDeskRegressionTest" file="/Users/yuggi/Desktop/Zennxii_adminPanel/tests/Unit/SupportDeskRegressionTest.php" line="81" assertions="7" time="0.000253"/>
        <testcase name="test_b10_single_raw_ticket_update_inside_the_helper" class="Tests\Unit\SupportDeskRegressionTest" classname="Tests.Unit.SupportDeskRegressionTest" file="/Users/yuggi/Desktop/Zennxii_adminPanel/tests/Unit/SupportDeskRegressionTest.php" line="107" assertions="3" time="0.000124"/>
        <testcase name="test_b3_list_endpoints_fail_closed_on_a_failed_query" class="Tests\Unit\SupportDeskRegressionTest" classname="Tests.Unit.SupportDeskRegressionTest" file="/Users/yuggi/Desktop/Zennxii_adminPanel/tests/Unit/SupportDeskRegressionTest.php" line="120" assertions="4" time="0.000150"/>
        <testcase name="test_r28_every_support_view_emits_the_csrf_token" class="Tests\Unit\SupportDeskRegressionTest" classname="Tests.Unit.SupportDeskRegressionTest" file="/Users/yuggi/Desktop/Zennxii_adminPanel/tests/Unit/SupportDeskRegressionTest.php" line="135" assertions="10" time="0.001547"/>
        <testcase name="test_r28_both_helpers_adopt_a_rotated_csrf_token" class="Tests\Unit\SupportDeskRegressionTest" classname="Tests.Unit.SupportDeskRegressionTest" file="/Users/yuggi/Desktop/Zennxii_adminPanel/tests/Unit/SupportDeskRegressionTest.php" line="156" assertions="3" time="0.000068"/>
        <testcase name="test_w4_patch_ticket_returns_and_is_checked" class="Tests\Unit\SupportDeskRegressionTest" classname="Tests.Unit.SupportDeskRegressionTest" file="/Users/yuggi/Desktop/Zennxii_adminPanel/tests/Unit/SupportDeskRegressionTest.php" line="168" assertions="4" time="0.000144"/>
        <testcase name="test_r29_attachment_streams_and_never_exposes_the_storage_path" class="Tests\Unit\SupportDeskRegressionTest" classname="Tests.Unit.SupportDeskRegressionTest" file="/Users/yuggi/Desktop/Zennxii_adminPanel/tests/Unit/SupportDeskRegressionTest.php" line="190" assertions="7" time="0.000177"/>
        <testcase name="test_r29_anonymity_is_enforced_server_side" class="Tests\Unit\SupportDeskRegressionTest" classname="Tests.Unit.SupportDeskRegressionTest" file="/Users/yuggi/Desktop/Zennxii_adminPanel/tests/Unit/SupportDeskRegressionTest.php" line="218" assertions="6" time="0.000112"/>
      </testsuite>
      <testsuite name="Tests\Unit\TeacherCloseHomeworkAuditTest" file="/Users/yuggi/Desktop/Zennxii_adminPanel/tests/Unit/TeacherCloseHomeworkAuditTest.php" tests="3" assertions="0" errors="0" warnings="0" failures="0" skipped="3" time="0.000127">
        <testcase name="test_bug018_prev_status_captured_before_write" class="Tests\Unit\TeacherCloseHomeworkAuditTest" classname="Tests.Unit.TeacherCloseHomeworkAuditTest" file="/Users/yuggi/Desktop/Zennxii_adminPanel/tests/Unit/TeacherCloseHomeworkAuditTest.php" line="40" assertions="0" time="0.000051">
          <skipped/>
        </testcase>
        <testcase name="test_bug018_idempotent_short_circuit_present" class="Tests\Unit\TeacherCloseHomeworkAuditTest" classname="Tests.Unit.TeacherCloseHomeworkAuditTest" file="/Users/yuggi/Desktop/Zennxii_adminPanel/tests/Unit/TeacherCloseHomeworkAuditTest.php" line="57" assertions="0" time="0.000032">
          <skipped/>
        </testcase>
        <testcase name="test_bug018_structured_debug_log_emits" class="Tests\Unit\TeacherCloseHomeworkAuditTest" classname="Tests.Unit.TeacherCloseHomeworkAuditTest" file="/Users/yuggi/Desktop/Zennxii_adminPanel/tests/Unit/TeacherCloseHomeworkAuditTest.php" line="74" assertions="0" time="0.000043">
          <skipped/>
        </testcase>
      </testsuite>
      <testsuite name="Tests\Unit\TeacherCreateHomeworkInputLengthTest" file="/Users/yuggi/Desktop/Zennxii_adminPanel/tests/Unit/TeacherCreateHomeworkInputLengthTest.php" tests="3" assertions="0" errors="0" warnings="0" failures="0" skipped="3" time="0.000105">
        <testcase name="test_bug020_three_length_caps_present" class="Tests\Unit\TeacherCreateHomeworkInputLengthTest" classname="Tests.Unit.TeacherCreateHomeworkInputLengthTest" file="/Users/yuggi/Desktop/Zennxii_adminPanel/tests/Unit/TeacherCreateHomeworkInputLengthTest.php" line="36" assertions="0" time="0.000040">
          <skipped/>
        </testcase>
        <testcase name="test_bug020_caps_return_actionable_failure" class="Tests\Unit\TeacherCreateHomeworkInputLengthTest" classname="Tests.Unit.TeacherCreateHomeworkInputLengthTest" file="/Users/yuggi/Desktop/Zennxii_adminPanel/tests/Unit/TeacherCreateHomeworkInputLengthTest.php" line="59" assertions="0" time="0.000038">
          <skipped/>
        </testcase>
        <testcase name="test_bug020_marker_present" class="Tests\Unit\TeacherCreateHomeworkInputLengthTest" classname="Tests.Unit.TeacherCreateHomeworkInputLengthTest" file="/Users/yuggi/Desktop/Zennxii_adminPanel/tests/Unit/TeacherCreateHomeworkInputLengthTest.php" line="81" assertions="0" time="0.000027">
          <skipped/>
        </testcase>
      </testsuite>
      <testsuite name="Tests\Unit\TeacherExecuteDeleteCascadeTest" file="/Users/yuggi/Desktop/Zennxii_adminPanel/tests/Unit/TeacherExecuteDeleteCascadeTest.php" tests="4" assertions="0" errors="0" warnings="0" failures="0" skipped="4" time="0.000132">
        <testcase name="test_bug017_cascade_catches_emit_structured_log" class="Tests\Unit\TeacherExecuteDeleteCascadeTest" classname="Tests.Unit.TeacherExecuteDeleteCascadeTest" file="/Users/yuggi/Desktop/Zennxii_adminPanel/tests/Unit/TeacherExecuteDeleteCascadeTest.php" line="37" assertions="0" time="0.000035">
          <skipped/>
        </testcase>
        <testcase name="test_bug017_failure_counters_present_and_incremented" class="Tests\Unit\TeacherExecuteDeleteCascadeTest" classname="Tests.Unit.TeacherExecuteDeleteCascadeTest" file="/Users/yuggi/Desktop/Zennxii_adminPanel/tests/Unit/TeacherExecuteDeleteCascadeTest.php" line="54" assertions="0" time="0.000031">
          <skipped/>
        </testcase>
        <testcase name="test_bug017_success_message_reports_partial_failures" class="Tests\Unit\TeacherExecuteDeleteCascadeTest" classname="Tests.Unit.TeacherExecuteDeleteCascadeTest" file="/Users/yuggi/Desktop/Zennxii_adminPanel/tests/Unit/TeacherExecuteDeleteCascadeTest.php" line="81" assertions="0" time="0.000036">
          <skipped/>
        </testcase>
        <testcase name="test_bug017_pre_fix_discarded_exception_gone" class="Tests\Unit\TeacherExecuteDeleteCascadeTest" classname="Tests.Unit.TeacherExecuteDeleteCascadeTest" file="/Users/yuggi/Desktop/Zennxii_adminPanel/tests/Unit/TeacherExecuteDeleteCascadeTest.php" line="98" assertions="0" time="0.000029">
          <skipped/>
        </testcase>
      </testsuite>
      <testsuite name="Tests\Unit\TeacherHomeworkRepoSilentCatchTest" file="/Users/yuggi/Desktop/Zennxii_adminPanel/tests/Unit/TeacherHomeworkRepoSilentCatchTest.php" tests="4" assertions="0" errors="0" warnings="0" failures="0" skipped="4" time="0.000153">
        <testcase name="test_bug019_debug_log_import_present" class="Tests\Unit\TeacherHomeworkRepoSilentCatchTest" classname="Tests.Unit.TeacherHomeworkRepoSilentCatchTest" file="/Users/yuggi/Desktop/Zennxii_adminPanel/tests/Unit/TeacherHomeworkRepoSilentCatchTest.php" line="42" assertions="0" time="0.000041">
          <skipped/>
        </testcase>
        <testcase name="test_bug019_structured_debug_log_emit_in_catch" class="Tests\Unit\TeacherHomeworkRepoSilentCatchTest" classname="Tests.Unit.TeacherHomeworkRepoSilentCatchTest" file="/Users/yuggi/Desktop/Zennxii_adminPanel/tests/Unit/TeacherHomeworkRepoSilentCatchTest.php" line="55" assertions="0" time="0.000028">
          <skipped/>
        </testcase>
        <testcase name="test_bug019_pre_fix_log_w_form_absent" class="Tests\Unit\TeacherHomeworkRepoSilentCatchTest" classname="Tests.Unit.TeacherHomeworkRepoSilentCatchTest" file="/Users/yuggi/Desktop/Zennxii_adminPanel/tests/Unit/TeacherHomeworkRepoSilentCatchTest.php" line="69" assertions="0" time="0.000057">
          <skipped/>
        </testcase>
        <testcase name="test_bug019_result_success_contract_preserved" class="Tests\Unit\TeacherHomeworkRepoSilentCatchTest" classname="Tests.Unit.TeacherHomeworkRepoSilentCatchTest" file="/Users/yuggi/Desktop/Zennxii_adminPanel/tests/Unit/TeacherHomeworkRepoSilentCatchTest.php" line="83" assertions="0" time="0.000027">
          <skipped/>
        </testcase>
      </testsuite>
      <testsuite name="Tests\Unit\TeacherViewModelSilentCatchTest" file="/Users/yuggi/Desktop/Zennxii_adminPanel/tests/Unit/TeacherViewModelSilentCatchTest.php" tests="3" assertions="0" errors="0" warnings="0" failures="0" skipped="3" time="0.000101">
        <testcase name="test_bug024_load_students_for_class_catch_emits_structured_log" class="Tests\Unit\TeacherViewModelSilentCatchTest" classname="Tests.Unit.TeacherViewModelSilentCatchTest" file="/Users/yuggi/Desktop/Zennxii_adminPanel/tests/Unit/TeacherViewModelSilentCatchTest.php" line="41" assertions="0" time="0.000037">
          <skipped/>
        </testcase>
        <testcase name="test_bug024_pre_fix_empty_catch_gone_at_load_students" class="Tests\Unit\TeacherViewModelSilentCatchTest" classname="Tests.Unit.TeacherViewModelSilentCatchTest" file="/Users/yuggi/Desktop/Zennxii_adminPanel/tests/Unit/TeacherViewModelSilentCatchTest.php" line="58" assertions="0" time="0.000032">
          <skipped/>
        </testcase>
        <testcase name="test_bug024_content_resolver_defensive_fallback_preserved" class="Tests\Unit\TeacherViewModelSilentCatchTest" classname="Tests.Unit.TeacherViewModelSilentCatchTest" file="/Users/yuggi/Desktop/Zennxii_adminPanel/tests/Unit/TeacherViewModelSilentCatchTest.php" line="75" assertions="0" time="0.000032">
          <skipped/>
        </testcase>
      </testsuite>
      <testsuite name="Tests\Unit\TempPasswordTest" file="/Users/yuggi/Desktop/Zennxii_adminPanel/tests/Unit/TempPasswordTest.php" tests="17" assertions="3117" errors="0" warnings="0" failures="0" skipped="0" time="0.040596">
        <testsuite name="Tests\Unit\TempPasswordTest::test_policy_holds_for_every_name_shape" tests="10" assertions="2800" errors="0" warnings="0" failures="0" skipped="0" time="0.002873">
          <testcase name="test_policy_holds_for_every_name_shape with data set &quot;ordinary name&quot;" class="Tests\Unit\TempPasswordTest" classname="Tests.Unit.TempPasswordTest" file="/Users/yuggi/Desktop/Zennxii_adminPanel/tests/Unit/TempPasswordTest.php" line="46" assertions="280" time="0.000358"/>
          <testcase name="test_policy_holds_for_every_name_shape with data set &quot;single letter&quot;" class="Tests\Unit\TempPasswordTest" classname="Tests.Unit.TempPasswordTest" file="/Users/yuggi/Desktop/Zennxii_adminPanel/tests/Unit/TempPasswordTest.php" line="46" assertions="280" time="0.000271"/>
          <testcase name="test_policy_holds_for_every_name_shape with data set &quot;two letters&quot;" class="Tests\Unit\TempPasswordTest" classname="Tests.Unit.TempPasswordTest" file="/Users/yuggi/Desktop/Zennxii_adminPanel/tests/Unit/TempPasswordTest.php" line="46" assertions="280" time="0.000258"/>
          <testcase name="test_policy_holds_for_every_name_shape with data set &quot;blank&quot;" class="Tests\Unit\TempPasswordTest" classname="Tests.Unit.TempPasswordTest" file="/Users/yuggi/Desktop/Zennxii_adminPanel/tests/Unit/TempPasswordTest.php" line="46" assertions="280" time="0.000271"/>
          <testcase name="test_policy_holds_for_every_name_shape with data set &quot;whitespace only&quot;" class="Tests\Unit\TempPasswordTest" classname="Tests.Unit.TempPasswordTest" file="/Users/yuggi/Desktop/Zennxii_adminPanel/tests/Unit/TempPasswordTest.php" line="46" assertions="280" time="0.000268"/>
          <testcase name="test_policy_holds_for_every_name_shape with data set &quot;digits only&quot;" class="Tests\Unit\TempPasswordTest" classname="Tests.Unit.TempPasswordTest" file="/Users/yuggi/Desktop/Zennxii_adminPanel/tests/Unit/TempPasswordTest.php" line="46" assertions="280" time="0.000267"/>
          <testcase name="test_policy_holds_for_every_name_shape with data set &quot;punctuation only&quot;" class="Tests\Unit\TempPasswordTest" classname="Tests.Unit.TempPasswordTest" file="/Users/yuggi/Desktop/Zennxii_adminPanel/tests/Unit/TempPasswordTest.php" line="46" assertions="280" time="0.000313"/>
          <testcase name="test_policy_holds_for_every_name_shape with data set &quot;devanagari&quot;" class="Tests\Unit\TempPasswordTest" classname="Tests.Unit.TempPasswordTest" file="/Users/yuggi/Desktop/Zennxii_adminPanel/tests/Unit/TempPasswordTest.php" line="46" assertions="280" time="0.000281"/>
          <testcase name="test_policy_holds_for_every_name_shape with data set &quot;accented&quot;" class="Tests\Unit\TempPasswordTest" classname="Tests.Unit.TempPasswordTest" file="/Users/yuggi/Desktop/Zennxii_adminPanel/tests/Unit/TempPasswordTest.php" line="46" assertions="280" time="0.000257"/>
          <testcase name="test_policy_holds_for_every_name_shape with data set &quot;very long&quot;" class="Tests\Unit\TempPasswordTest" classname="Tests.Unit.TempPasswordTest" file="/Users/yuggi/Desktop/Zennxii_adminPanel/tests/Unit/TempPasswordTest.php" line="46" assertions="280" time="0.000329"/>
        </testsuite>
        <testcase name="test_default_argument_is_safe" class="Tests\Unit\TempPasswordTest" classname="Tests.Unit.TempPasswordTest" file="/Users/yuggi/Desktop/Zennxii_adminPanel/tests/Unit/TempPasswordTest.php" line="70" assertions="7" time="0.000042"/>
        <testcase name="test_repeated_calls_do_not_repeat" class="Tests\Unit\TempPasswordTest" classname="Tests.Unit.TempPasswordTest" file="/Users/yuggi/Desktop/Zennxii_adminPanel/tests/Unit/TempPasswordTest.php" line="79" assertions="1" time="0.000098"/>
        <testcase name="test_output_contains_no_date_of_birth" class="Tests\Unit\TempPasswordTest" classname="Tests.Unit.TempPasswordTest" file="/Users/yuggi/Desktop/Zennxii_adminPanel/tests/Unit/TempPasswordTest.php" line="94" assertions="1" time="0.000125"/>
        <testcase name="test_keeps_the_familiar_shape" class="Tests\Unit\TempPasswordTest" classname="Tests.Unit.TempPasswordTest" file="/Users/yuggi/Desktop/Zennxii_adminPanel/tests/Unit/TempPasswordTest.php" line="107" assertions="2" time="0.000050"/>
        <testcase name="test_non_latin_name_is_padded_with_latin_letters" class="Tests\Unit\TempPasswordTest" classname="Tests.Unit.TempPasswordTest" file="/Users/yuggi/Desktop/Zennxii_adminPanel/tests/Unit/TempPasswordTest.php" line="119" assertions="1" time="0.000050"/>
        <testcase name="test_random_pad_avoids_ambiguous_letters" class="Tests\Unit\TempPasswordTest" classname="Tests.Unit.TempPasswordTest" file="/Users/yuggi/Desktop/Zennxii_adminPanel/tests/Unit/TempPasswordTest.php" line="126" assertions="300" time="0.000403"/>
        <testcase name="test_controllers_use_the_shared_generator" class="Tests\Unit\TempPasswordTest" classname="Tests.Unit.TempPasswordTest" file="/Users/yuggi/Desktop/Zennxii_adminPanel/tests/Unit/TempPasswordTest.php" line="162" assertions="5" time="0.036956"/>
      </testsuite>
    </testsuite>
  </testsuite>
</testsuites>
