<?xml version="1.0" encoding="UTF-8"?>
<testsuites>
  <testsuite name="" tests="15" assertions="143" errors="0" warnings="0" failures="0" skipped="0" time="0.007009">
    <testsuite name="Unit" tests="15" assertions="143" errors="0" warnings="0" failures="0" skipped="0" time="0.007009">
      <testsuite name="Tests\Unit\DocResolverTest" file="/Users/yuggi/Desktop/Zennxii_adminPanel/tests/Unit/DocResolverTest.php" tests="15" assertions="143" errors="0" warnings="0" failures="0" skipped="0" time="0.007009">
        <testcase name="test_the_resolver_cannot_issue_or_render_anything" class="Tests\Unit\DocResolverTest" classname="Tests.Unit.DocResolverTest" file="/Users/yuggi/Desktop/Zennxii_adminPanel/tests/Unit/DocResolverTest.php" line="83" assertions="1" time="0.003506"/>
        <testcase name="test_the_resolver_never_writes" class="Tests\Unit\DocResolverTest" classname="Tests.Unit.DocResolverTest" file="/Users/yuggi/Desktop/Zennxii_adminPanel/tests/Unit/DocResolverTest.php" line="96" assertions="6" time="0.001078"/>
        <testcase name="test_it_finds_the_one_active_template" class="Tests\Unit\DocResolverTest" classname="Tests.Unit.DocResolverTest" file="/Users/yuggi/Desktop/Zennxii_adminPanel/tests/Unit/DocResolverTest.php" line="110" assertions="2" time="0.000039"/>
        <testcase name="test_no_active_template_resolves_to_null_not_to_a_draft" class="Tests\Unit\DocResolverTest" classname="Tests.Unit.DocResolverTest" file="/Users/yuggi/Desktop/Zennxii_adminPanel/tests/Unit/DocResolverTest.php" line="117" assertions="1" time="0.000207"/>
        <testcase name="test_two_active_templates_resolve_to_null_rather_than_a_guess" class="Tests\Unit\DocResolverTest" classname="Tests.Unit.DocResolverTest" file="/Users/yuggi/Desktop/Zennxii_adminPanel/tests/Unit/DocResolverTest.php" line="127" assertions="1" time="0.000033"/>
        <testcase name="test_another_school_never_resolves_this_school_s_template" class="Tests\Unit\DocResolverTest" classname="Tests.Unit.DocResolverTest" file="/Users/yuggi/Desktop/Zennxii_adminPanel/tests/Unit/DocResolverTest.php" line="133" assertions="1" time="0.000027"/>
        <testcase name="test_it_resolves_the_frozen_version_not_the_live_head" class="Tests\Unit\DocResolverTest" classname="Tests.Unit.DocResolverTest" file="/Users/yuggi/Desktop/Zennxii_adminPanel/tests/Unit/DocResolverTest.php" line="138" assertions="2" time="0.000029"/>
        <testcase name="test_a_ready_template_still_reports_that_issuance_is_not_wired" class="Tests\Unit\DocResolverTest" classname="Tests.Unit.DocResolverTest" file="/Users/yuggi/Desktop/Zennxii_adminPanel/tests/Unit/DocResolverTest.php" line="150" assertions="4" time="0.000188"/>
        <testcase name="test_no_active_template_is_distinguished_from_no_print_point" class="Tests\Unit\DocResolverTest" classname="Tests.Unit.DocResolverTest" file="/Users/yuggi/Desktop/Zennxii_adminPanel/tests/Unit/DocResolverTest.php" line="160" assertions="2" time="0.000028"/>
        <testcase name="test_a_dangling_active_version_is_reported_not_ignored" class="Tests\Unit\DocResolverTest" classname="Tests.Unit.DocResolverTest" file="/Users/yuggi/Desktop/Zennxii_adminPanel/tests/Unit/DocResolverTest.php" line="167" assertions="2" time="0.000032"/>
        <testcase name="test_every_readiness_answer_carries_a_reason" class="Tests\Unit\DocResolverTest" classname="Tests.Unit.DocResolverTest" file="/Users/yuggi/Desktop/Zennxii_adminPanel/tests/Unit/DocResolverTest.php" line="176" assertions="6" time="0.000270"/>
        <testcase name="test_a_module_can_ask_only_for_what_it_owns" class="Tests\Unit\DocResolverTest" classname="Tests.Unit.DocResolverTest" file="/Users/yuggi/Desktop/Zennxii_adminPanel/tests/Unit/DocResolverTest.php" line="189" assertions="2" time="0.000499"/>
        <testcase name="test_nothing_is_wired_in_this_build" class="Tests\Unit\DocResolverTest" classname="Tests.Unit.DocResolverTest" file="/Users/yuggi/Desktop/Zennxii_adminPanel/tests/Unit/DocResolverTest.php" line="196" assertions="1" time="0.000043"/>
        <testcase name="test_the_shipped_registry_is_complete_and_entirely_unwired" class="Tests\Unit\DocResolverTest" classname="Tests.Unit.DocResolverTest" file="/Users/yuggi/Desktop/Zennxii_adminPanel/tests/Unit/DocResolverTest.php" line="206" assertions="98" time="0.000909"/>
        <testcase name="test_every_issuing_print_point_declares_its_own_numbering_series" class="Tests\Unit\DocResolverTest" classname="Tests.Unit.DocResolverTest" file="/Users/yuggi/Desktop/Zennxii_adminPanel/tests/Unit/DocResolverTest.php" line="230" assertions="14" time="0.000121"/>
      </testsuite>
    </testsuite>
  </testsuite>
</testsuites>
